<?xml version="1.0" encoding="UTF-8"?>
<testsuite xmlns:xsi="http://www.w3.org/2001/XMLSchema-instance" xsi:noNamespaceSchemaLocation="https://maven.apache.org/surefire/maven-surefire-plugin/xsd/surefire-test-report-3.0.xsd" version="3.0" name="TestSuite" time="81.362" tests="12" errors="0" skipped="0" failures="0">
  <properties>
[...]
</properties>
  <testcase name="ClickOnExplore" classname="com.atmecs.scenerios.script.HomePageExploreScriptScenrio" time="5.314"/>
  <testcase name="validateLandRight" classname="com.atmecs.scenerios.script.HomePageExploreScriptScenrio" time="2.538"/>
  <testcase name="clickOnInfo" classname="com.atmecs.scenerios.script.MoreInfoOneScript" time="2.373"/>
  <testcase name="validateBrudInfo1" classname="com.atmecs.scenerios.script.MoreInfoOneScript" time="2.639"/>
  <testcase name="clickOnInfomore2" classname="com.atmecs.scenerios.script.MoreInfoScripTwo" time="2.572"/>
  <testcase name="valiadeinfoTwoBrud" classname="com.atmecs.scenerios.script.MoreInfoScripTwo" time="2.963"/>
  <testcase name="clickOnInfomorethird" classname="com.atmecs.scenerios.script.MoreInfoScriptThird" time="2.357"/>
  <testcase name="validateInfothirdbread" classname="com.atmecs.scenerios.script.MoreInfoScriptThird" time="2.649"/>
  <testcase name="clickOnInfoForth" classname="com.atmecs.scenerios.script.MoreInfoScriptForth" time="2.682"/>
  <testcase name="ValiadteBreadCrumb" classname="com.atmecs.scenerios.script.MoreInfoScriptForth" time="2.733"/>
  <testcase name="clickOnInfoFifth" classname="com.atmecs.scenerios.script.MoreInfoScriptFive" time="2.309"/>
  <testcase name="ValiadteBreadCrumb" classname="com.atmecs.scenerios.script.MoreInfoScriptFive" time="3.696"/>
</testsuite>