<?xml version="1.0" encoding="UTF-8"?>
<!-- Generated by org.testng.reporters.JUnitXMLReporter -->
<testsuite hostname="ATMECSINLT-283" ignored="4" name="Test" tests="191" failures="0" timestamp="2019-10-01T20:12:18 IST" time="144.154" errors="0">
  <testcase name="clickHome" time="4.642" classname="com.atmecs.script.HomeAboutusFooterScript"/>
  <testcase name="homefooterValidate" time="0.409" classname="com.atmecs.script.HomeAboutusFooterScript"/>
  <testcase name="homefooterValidate" time="0.381" classname="com.atmecs.script.HomeAboutusFooterScript"/>
  <testcase name="homefooterValidate" time="0.374" classname="com.atmecs.script.HomeAboutusFooterScript"/>
  <testcase name="homefooterValidate" time="0.369" classname="com.atmecs.script.HomeAboutusFooterScript"/>
  <testcase name="homefooterValidate" time="0.38" classname="com.atmecs.script.HomeAboutusFooterScript"/>
  <testcase name="homefooterValidate" time="0.373" classname="com.atmecs.script.HomeAboutusFooterScript"/>
  <testcase name="homefooterValidate" time="0.372" classname="com.atmecs.script.HomeAboutusFooterScript"/>
  <testcase name="homefooterValidate" time="0.333" classname="com.atmecs.script.HomeAboutusFooterScript"/>
  <testcase name="homefooterValidate" time="0.35" classname="com.atmecs.script.HomeAboutusFooterScript"/>
  <testcase name="homefooterValidate" time="0.375" classname="com.atmecs.script.HomeAboutusFooterScript"/>
  <testcase name="homefooterValidate" time="0.375" classname="com.atmecs.script.HomeAboutusFooterScript"/>
  <testcase name="homefooterValidate" time="0.413" classname="com.atmecs.script.HomeAboutusFooterScript"/>
  <testcase name="homefooterValidate" time="0.371" classname="com.atmecs.script.HomeAboutusFooterScript"/>
  <testcase name="homefooterValidate" time="0.355" classname="com.atmecs.script.HomeAboutusFooterScript"/>
  <testcase name="homefooterValidate" time="0.355" classname="com.atmecs.script.HomeAboutusFooterScript"/>
  <testcase name="homefooterValidate" time="0.374" classname="com.atmecs.script.HomeAboutusFooterScript"/>
  <testcase name="homefooterValidate" time="0.392" classname="com.atmecs.script.HomeAboutusFooterScript"/>
  <testcase name="homefooterValidate" time="0.375" classname="com.atmecs.script.HomeAboutusFooterScript"/>
  <testcase name="homefooterValidate" time="0.361" classname="com.atmecs.script.HomeAboutusFooterScript"/>
  <testcase name="homefooterValidate" time="0.369" classname="com.atmecs.script.HomeAboutusFooterScript"/>
  <testcase name="homefooterValidate" time="0.349" classname="com.atmecs.script.HomeAboutusFooterScript"/>
  <testcase name="clickOnAbout" time="3.89" classname="com.atmecs.script.HomeAboutusFooterScript"/>
  <testcase name="aboutUsFooter" time="0.502" classname="com.atmecs.script.HomeAboutusFooterScript"/>
  <testcase name="aboutUsFooter" time="0.353" classname="com.atmecs.script.HomeAboutusFooterScript"/>
  <testcase name="aboutUsFooter" time="0.355" classname="com.atmecs.script.HomeAboutusFooterScript"/>
  <testcase name="aboutUsFooter" time="0.358" classname="com.atmecs.script.HomeAboutusFooterScript"/>
  <testcase name="aboutUsFooter" time="0.374" classname="com.atmecs.script.HomeAboutusFooterScript"/>
  <testcase name="aboutUsFooter" time="0.351" classname="com.atmecs.script.HomeAboutusFooterScript"/>
  <testcase name="aboutUsFooter" time="0.376" classname="com.atmecs.script.HomeAboutusFooterScript"/>
  <testcase name="aboutUsFooter" time="0.349" classname="com.atmecs.script.HomeAboutusFooterScript"/>
  <testcase name="aboutUsFooter" time="0.358" classname="com.atmecs.script.HomeAboutusFooterScript"/>
  <testcase name="aboutUsFooter" time="0.373" classname="com.atmecs.script.HomeAboutusFooterScript"/>
  <testcase name="aboutUsFooter" time="0.371" classname="com.atmecs.script.HomeAboutusFooterScript"/>
  <testcase name="aboutUsFooter" time="0.378" classname="com.atmecs.script.HomeAboutusFooterScript"/>
  <testcase name="aboutUsFooter" time="0.376" classname="com.atmecs.script.HomeAboutusFooterScript"/>
  <testcase name="aboutUsFooter" time="0.332" classname="com.atmecs.script.HomeAboutusFooterScript"/>
  <testcase name="aboutUsFooter" time="0.356" classname="com.atmecs.script.HomeAboutusFooterScript"/>
  <testcase name="aboutUsFooter" time="0.373" classname="com.atmecs.script.HomeAboutusFooterScript"/>
  <testcase name="aboutUsFooter" time="0.364" classname="com.atmecs.script.HomeAboutusFooterScript"/>
  <testcase name="aboutUsFooter" time="0.36" classname="com.atmecs.script.HomeAboutusFooterScript"/>
  <testcase name="aboutUsFooter" time="0.375" classname="com.atmecs.script.HomeAboutusFooterScript"/>
  <testcase name="aboutUsFooter" time="0.369" classname="com.atmecs.script.HomeAboutusFooterScript"/>
  <testcase name="aboutUsFooter" time="0.352" classname="com.atmecs.script.HomeAboutusFooterScript"/>
  <testcase name="clickOnServices" time="7.896" classname="com.atmecs.script.InsightCarrerContactScript"/>
  <testcase name="servicesFooterValidate" time="0.421" classname="com.atmecs.script.InsightCarrerContactScript"/>
  <testcase name="servicesFooterValidate" time="0.39" classname="com.atmecs.script.InsightCarrerContactScript"/>
  <testcase name="servicesFooterValidate" time="0.38" classname="com.atmecs.script.InsightCarrerContactScript"/>
  <testcase name="servicesFooterValidate" time="0.369" classname="com.atmecs.script.InsightCarrerContactScript"/>
  <testcase name="servicesFooterValidate" time="0.362" classname="com.atmecs.script.InsightCarrerContactScript"/>
  <testcase name="servicesFooterValidate" time="0.375" classname="com.atmecs.script.InsightCarrerContactScript"/>
  <testcase name="servicesFooterValidate" time="0.408" classname="com.atmecs.script.InsightCarrerContactScript"/>
  <testcase name="servicesFooterValidate" time="0.351" classname="com.atmecs.script.InsightCarrerContactScript"/>
  <testcase name="servicesFooterValidate" time="0.337" classname="com.atmecs.script.InsightCarrerContactScript"/>
  <testcase name="servicesFooterValidate" time="0.39" classname="com.atmecs.script.InsightCarrerContactScript"/>
  <testcase name="servicesFooterValidate" time="0.376" classname="com.atmecs.script.InsightCarrerContactScript"/>
  <testcase name="servicesFooterValidate" time="0.395" classname="com.atmecs.script.InsightCarrerContactScript"/>
  <testcase name="servicesFooterValidate" time="0.374" classname="com.atmecs.script.InsightCarrerContactScript"/>
  <testcase name="servicesFooterValidate" time="0.353" classname="com.atmecs.script.InsightCarrerContactScript"/>
  <testcase name="servicesFooterValidate" time="0.376" classname="com.atmecs.script.InsightCarrerContactScript"/>
  <testcase name="servicesFooterValidate" time="0.372" classname="com.atmecs.script.InsightCarrerContactScript"/>
  <testcase name="servicesFooterValidate" time="0.394" classname="com.atmecs.script.InsightCarrerContactScript"/>
  <testcase name="servicesFooterValidate" time="0.374" classname="com.atmecs.script.InsightCarrerContactScript"/>
  <testcase name="servicesFooterValidate" time="0.377" classname="com.atmecs.script.InsightCarrerContactScript"/>
  <testcase name="servicesFooterValidate" time="0.38" classname="com.atmecs.script.InsightCarrerContactScript"/>
  <testcase name="servicesFooterValidate" time="0.452" classname="com.atmecs.script.InsightCarrerContactScript"/>
  <testcase name="clickOnPartner" time="3.252" classname="com.atmecs.script.InsightCarrerContactScript"/>
  <testcase name="partnerValidate" time="0.595" classname="com.atmecs.script.InsightCarrerContactScript"/>
  <testcase name="partnerValidate" time="0.377" classname="com.atmecs.script.InsightCarrerContactScript"/>
  <testcase name="partnerValidate" time="0.379" classname="com.atmecs.script.InsightCarrerContactScript"/>
  <testcase name="partnerValidate" time="0.389" classname="com.atmecs.script.InsightCarrerContactScript"/>
  <testcase name="partnerValidate" time="0.379" classname="com.atmecs.script.InsightCarrerContactScript"/>
  <testcase name="partnerValidate" time="0.371" classname="com.atmecs.script.InsightCarrerContactScript"/>
  <testcase name="partnerValidate" time="0.378" classname="com.atmecs.script.InsightCarrerContactScript"/>
  <testcase name="partnerValidate" time="0.33" classname="com.atmecs.script.InsightCarrerContactScript"/>
  <testcase name="partnerValidate" time="0.331" classname="com.atmecs.script.InsightCarrerContactScript"/>
  <testcase name="partnerValidate" time="0.339" classname="com.atmecs.script.InsightCarrerContactScript"/>
  <testcase name="partnerValidate" time="0.374" classname="com.atmecs.script.InsightCarrerContactScript"/>
  <testcase name="partnerValidate" time="0.352" classname="com.atmecs.script.InsightCarrerContactScript"/>
  <testcase name="partnerValidate" time="0.411" classname="com.atmecs.script.InsightCarrerContactScript"/>
  <testcase name="partnerValidate" time="0.327" classname="com.atmecs.script.InsightCarrerContactScript"/>
  <testcase name="partnerValidate" time="0.367" classname="com.atmecs.script.InsightCarrerContactScript"/>
  <testcase name="partnerValidate" time="0.361" classname="com.atmecs.script.InsightCarrerContactScript"/>
  <testcase name="partnerValidate" time="0.355" classname="com.atmecs.script.InsightCarrerContactScript"/>
  <testcase name="partnerValidate" time="0.359" classname="com.atmecs.script.InsightCarrerContactScript"/>
  <testcase name="partnerValidate" time="0.369" classname="com.atmecs.script.InsightCarrerContactScript"/>
  <testcase name="partnerValidate" time="0.351" classname="com.atmecs.script.InsightCarrerContactScript"/>
  <testcase name="partnerValidate" time="0.353" classname="com.atmecs.script.InsightCarrerContactScript"/>
  <testcase name="clickOnMedia" time="1.048" classname="com.atmecs.script.InsightCarrerContactScript"/>
  <testcase name="mediaValidate" time="0.558" classname="com.atmecs.script.InsightCarrerContactScript"/>
  <testcase name="mediaValidate" time="0.348" classname="com.atmecs.script.InsightCarrerContactScript"/>
  <testcase name="mediaValidate" time="0.343" classname="com.atmecs.script.InsightCarrerContactScript"/>
  <testcase name="mediaValidate" time="0.308" classname="com.atmecs.script.InsightCarrerContactScript"/>
  <testcase name="mediaValidate" time="0.349" classname="com.atmecs.script.InsightCarrerContactScript"/>
  <testcase name="mediaValidate" time="0.337" classname="com.atmecs.script.InsightCarrerContactScript"/>
  <testcase name="mediaValidate" time="0.329" classname="com.atmecs.script.InsightCarrerContactScript"/>
  <testcase name="mediaValidate" time="0.332" classname="com.atmecs.script.InsightCarrerContactScript"/>
  <testcase name="mediaValidate" time="0.334" classname="com.atmecs.script.InsightCarrerContactScript"/>
  <testcase name="mediaValidate" time="0.329" classname="com.atmecs.script.InsightCarrerContactScript"/>
  <testcase name="mediaValidate" time="0.32" classname="com.atmecs.script.InsightCarrerContactScript"/>
  <testcase name="mediaValidate" time="0.338" classname="com.atmecs.script.InsightCarrerContactScript"/>
  <testcase name="mediaValidate" time="0.333" classname="com.atmecs.script.InsightCarrerContactScript"/>
  <testcase name="mediaValidate" time="0.332" classname="com.atmecs.script.InsightCarrerContactScript"/>
  <testcase name="mediaValidate" time="0.326" classname="com.atmecs.script.InsightCarrerContactScript"/>
  <testcase name="mediaValidate" time="0.324" classname="com.atmecs.script.InsightCarrerContactScript"/>
  <testcase name="mediaValidate" time="0.331" classname="com.atmecs.script.InsightCarrerContactScript"/>
  <testcase name="mediaValidate" time="0.328" classname="com.atmecs.script.InsightCarrerContactScript"/>
  <testcase name="mediaValidate" time="0.33" classname="com.atmecs.script.InsightCarrerContactScript"/>
  <testcase name="mediaValidate" time="0.335" classname="com.atmecs.script.InsightCarrerContactScript"/>
  <testcase name="mediaValidate" time="0.33" classname="com.atmecs.script.InsightCarrerContactScript"/>
  <testcase name="clickOnInsight" time="1.441" classname="com.atmecs.script.ServicePartnerMediaScript"/>
  <testcase name="ValiadteInsightFooter" time="0.389" classname="com.atmecs.script.ServicePartnerMediaScript"/>
  <testcase name="ValiadteInsightFooter" time="0.326" classname="com.atmecs.script.ServicePartnerMediaScript"/>
  <testcase name="ValiadteInsightFooter" time="0.341" classname="com.atmecs.script.ServicePartnerMediaScript"/>
  <testcase name="ValiadteInsightFooter" time="0.333" classname="com.atmecs.script.ServicePartnerMediaScript"/>
  <testcase name="ValiadteInsightFooter" time="0.333" classname="com.atmecs.script.ServicePartnerMediaScript"/>
  <testcase name="ValiadteInsightFooter" time="0.345" classname="com.atmecs.script.ServicePartnerMediaScript"/>
  <testcase name="ValiadteInsightFooter" time="0.339" classname="com.atmecs.script.ServicePartnerMediaScript"/>
  <testcase name="ValiadteInsightFooter" time="0.325" classname="com.atmecs.script.ServicePartnerMediaScript"/>
  <testcase name="ValiadteInsightFooter" time="0.339" classname="com.atmecs.script.ServicePartnerMediaScript"/>
  <testcase name="ValiadteInsightFooter" time="0.332" classname="com.atmecs.script.ServicePartnerMediaScript"/>
  <testcase name="ValiadteInsightFooter" time="0.328" classname="com.atmecs.script.ServicePartnerMediaScript"/>
  <testcase name="ValiadteInsightFooter" time="0.345" classname="com.atmecs.script.ServicePartnerMediaScript"/>
  <testcase name="ValiadteInsightFooter" time="0.348" classname="com.atmecs.script.ServicePartnerMediaScript"/>
  <testcase name="ValiadteInsightFooter" time="0.33" classname="com.atmecs.script.ServicePartnerMediaScript"/>
  <testcase name="ValiadteInsightFooter" time="0.319" classname="com.atmecs.script.ServicePartnerMediaScript"/>
  <testcase name="ValiadteInsightFooter" time="0.345" classname="com.atmecs.script.ServicePartnerMediaScript"/>
  <testcase name="ValiadteInsightFooter" time="0.331" classname="com.atmecs.script.ServicePartnerMediaScript"/>
  <testcase name="ValiadteInsightFooter" time="0.332" classname="com.atmecs.script.ServicePartnerMediaScript"/>
  <testcase name="ValiadteInsightFooter" time="0.326" classname="com.atmecs.script.ServicePartnerMediaScript"/>
  <testcase name="ValiadteInsightFooter" time="0.34" classname="com.atmecs.script.ServicePartnerMediaScript"/>
  <testcase name="ValiadteInsightFooter" time="0.324" classname="com.atmecs.script.ServicePartnerMediaScript"/>
  <testcase name="clickOnCarrer" time="5.389" classname="com.atmecs.script.ServicePartnerMediaScript"/>
  <testcase name="ValidateInsight" time="0.445" classname="com.atmecs.script.ServicePartnerMediaScript"/>
  <testcase name="ValidateInsight" time="0.353" classname="com.atmecs.script.ServicePartnerMediaScript"/>
  <testcase name="ValidateInsight" time="0.37" classname="com.atmecs.script.ServicePartnerMediaScript"/>
  <testcase name="ValidateInsight" time="0.362" classname="com.atmecs.script.ServicePartnerMediaScript"/>
  <testcase name="ValidateInsight" time="0.412" classname="com.atmecs.script.ServicePartnerMediaScript"/>
  <testcase name="ValidateInsight" time="0.372" classname="com.atmecs.script.ServicePartnerMediaScript"/>
  <testcase name="ValidateInsight" time="0.355" classname="com.atmecs.script.ServicePartnerMediaScript"/>
  <testcase name="ValidateInsight" time="0.335" classname="com.atmecs.script.ServicePartnerMediaScript"/>
  <testcase name="ValidateInsight" time="0.332" classname="com.atmecs.script.ServicePartnerMediaScript"/>
  <testcase name="ValidateInsight" time="0.355" classname="com.atmecs.script.ServicePartnerMediaScript"/>
  <testcase name="ValidateInsight" time="0.373" classname="com.atmecs.script.ServicePartnerMediaScript"/>
  <testcase name="ValidateInsight" time="0.353" classname="com.atmecs.script.ServicePartnerMediaScript"/>
  <testcase name="ValidateInsight" time="0.375" classname="com.atmecs.script.ServicePartnerMediaScript"/>
  <testcase name="ValidateInsight" time="0.335" classname="com.atmecs.script.ServicePartnerMediaScript"/>
  <testcase name="ValidateInsight" time="0.372" classname="com.atmecs.script.ServicePartnerMediaScript"/>
  <testcase name="ValidateInsight" time="0.35" classname="com.atmecs.script.ServicePartnerMediaScript"/>
  <testcase name="ValidateInsight" time="0.364" classname="com.atmecs.script.ServicePartnerMediaScript"/>
  <testcase name="ValidateInsight" time="0.362" classname="com.atmecs.script.ServicePartnerMediaScript"/>
  <testcase name="ValidateInsight" time="0.358" classname="com.atmecs.script.ServicePartnerMediaScript"/>
  <testcase name="ValidateInsight" time="0.371" classname="com.atmecs.script.ServicePartnerMediaScript"/>
  <testcase name="ValidateInsight" time="0.378" classname="com.atmecs.script.ServicePartnerMediaScript"/>
  <testcase name="clickOnContactUs" time="4.0" classname="com.atmecs.script.ServicePartnerMediaScript"/>
  <testcase name="validateContactus" time="0.797" classname="com.atmecs.script.ServicePartnerMediaScript"/>
  <testcase name="validateContactus" time="0.591" classname="com.atmecs.script.ServicePartnerMediaScript"/>
  <testcase name="validateContactus" time="0.506" classname="com.atmecs.script.ServicePartnerMediaScript"/>
  <testcase name="validateContactus" time="0.524" classname="com.atmecs.script.ServicePartnerMediaScript"/>
  <testcase name="validateContactus" time="0.514" classname="com.atmecs.script.ServicePartnerMediaScript"/>
  <testcase name="validateContactus" time="0.505" classname="com.atmecs.script.ServicePartnerMediaScript"/>
  <testcase name="validateContactus" time="0.497" classname="com.atmecs.script.ServicePartnerMediaScript"/>
  <testcase name="validateContactus" time="0.495" classname="com.atmecs.script.ServicePartnerMediaScript"/>
  <testcase name="validateContactus" time="0.475" classname="com.atmecs.script.ServicePartnerMediaScript"/>
  <testcase name="validateContactus" time="0.512" classname="com.atmecs.script.ServicePartnerMediaScript"/>
  <testcase name="validateContactus" time="0.495" classname="com.atmecs.script.ServicePartnerMediaScript"/>
  <testcase name="validateContactus" time="0.58" classname="com.atmecs.script.ServicePartnerMediaScript"/>
  <testcase name="validateContactus" time="0.493" classname="com.atmecs.script.ServicePartnerMediaScript"/>
  <testcase name="validateContactus" time="0.484" classname="com.atmecs.script.ServicePartnerMediaScript"/>
  <testcase name="validateContactus" time="0.522" classname="com.atmecs.script.ServicePartnerMediaScript"/>
  <testcase name="validateContactus" time="0.502" classname="com.atmecs.script.ServicePartnerMediaScript"/>
  <testcase name="validateContactus" time="0.532" classname="com.atmecs.script.ServicePartnerMediaScript"/>
  <testcase name="validateContactus" time="0.51" classname="com.atmecs.script.ServicePartnerMediaScript"/>
  <testcase name="validateContactus" time="0.489" classname="com.atmecs.script.ServicePartnerMediaScript"/>
  <testcase name="validateContactus" time="0.552" classname="com.atmecs.script.ServicePartnerMediaScript"/>
  <testcase name="validateContactus" time="0.518" classname="com.atmecs.script.ServicePartnerMediaScript"/>
  <testcase name="hoverOnServices" time="1.782" classname="com.atmecs.script.ServicesContextMenu"/>
  <testcase name="validateSubmenu" time="0.515" classname="com.atmecs.script.ServicesContextMenu"/>
  <testcase name="validateSubmenu" time="0.359" classname="com.atmecs.script.ServicesContextMenu"/>
  <testcase name="validateSubmenu" time="0.389" classname="com.atmecs.script.ServicesContextMenu"/>
  <testcase name="validateSubmenu" time="0.352" classname="com.atmecs.script.ServicesContextMenu"/>
  <testcase name="validateSubmenu" time="0.386" classname="com.atmecs.script.ServicesContextMenu"/>
  <testcase name="infrastructureservice" time="0.855" classname="com.atmecs.script.ServicesContextMenu"/>
  <testcase name="validateInfraServices" time="0.535" classname="com.atmecs.script.ServicesContextMenu"/>
  <testcase name="validateInfraServices" time="0.394" classname="com.atmecs.script.ServicesContextMenu"/>
  <testcase name="validateInfraServices" time="0.397" classname="com.atmecs.script.ServicesContextMenu"/>
  <testcase name="validateInfraServices" time="0.46" classname="com.atmecs.script.ServicesContextMenu"/>
  <testcase name="validateInfraServices" time="0.393" classname="com.atmecs.script.ServicesContextMenu"/>
  <testcase name="hoverOnSight" time="15.417" classname="com.atmecs.script.FinalBlogScript"/>
  <testcase name="validateBlog" time="2.267" classname="com.atmecs.script.FinalBlogScript"/>
  <testcase name="clickSumit" time="2.453" classname="com.atmecs.script.FinalBlogScript"/>
  <testcase name="@BeforeTest configSetup" time="0.0" classname="com.atmecs.driver.Driver_Class">
    <ignored/>
  </testcase> <!-- @BeforeTest configSetup -->
  <testcase name="@BeforeTest configSetup" time="0.0" classname="com.atmecs.driver.Driver_Class">
    <ignored/>
  </testcase> <!-- @BeforeTest configSetup -->
  <testcase name="@BeforeTest configSetup" time="0.0" classname="com.atmecs.driver.Driver_Class">
    <ignored/>
  </testcase> <!-- @BeforeTest configSetup -->
  <testcase name="@BeforeTest configSetup" time="0.0" classname="com.atmecs.driver.Driver_Class">
    <ignored/>
  </testcase> <!-- @BeforeTest configSetup -->
</testsuite> <!-- Test -->
