<?xml version="1.0" encoding="UTF-8"?>
<!-- Generated by org.testng.reporters.JUnitXMLReporter -->
<testsuite hostname="ATMECSINLT-283" ignored="0" name="Test" tests="6" failures="0" timestamp="2019-10-04T20:12:32 IST" time="55.568" errors="0">
  <testcase name="clickOnExploreNow" time="8.262" classname="com.atmecs.script.AtmecsScript"/>
  <testcase name="clickOnMoreInfo" time="6.378" classname="com.atmecs.script.AtmecsScript"/>
  <testcase name="clickOnMoreInfo" time="5.07" classname="com.atmecs.script.AtmecsScript"/>
  <testcase name="clickOnMoreInfo" time="5.738" classname="com.atmecs.script.AtmecsScript"/>
  <testcase name="clickOnMoreInfo" time="6.84" classname="com.atmecs.script.AtmecsScript"/>
  <testcase name="clickOnMoreInfo" time="6.547" classname="com.atmecs.script.AtmecsScript"/>
</testsuite> <!-- Test -->
