<?xml version="1.0" encoding="UTF-8"?>
<testng-results skipped="0" failed="13" ignored="4" total="195" passed="178">
  <reporter-output>
  </reporter-output>
  <suite name="Suite" duration-ms="113674" started-at="2019-09-30T20:13:24 IST" finished-at="2019-09-30T20:15:18 IST">
    <groups>
    </groups>
    <test name="Test" duration-ms="113674" started-at="2019-09-30T20:13:24 IST" finished-at="2019-09-30T20:15:18 IST">
      <class name="com.atmecs.script.ServicesContextMenu">
        <test-method status="PASS" signature="hoverOnServices()[pri:17, instance:com.atmecs.script.ServicesContextMenu@4d95d2a2]" name="hoverOnServices" duration-ms="480" started-at="2019-09-30T20:14:16 IST" finished-at="2019-09-30T20:14:17 IST">
          <reporter-output>
          </reporter-output>
        </test-method> <!-- hoverOnServices -->
        <test-method status="FAIL" signature="validateSubmenu(java.lang.String)[pri:18, instance:com.atmecs.script.ServicesContextMenu@4d95d2a2]" name="validateSubmenu" duration-ms="46" started-at="2019-09-30T20:14:17 IST" data-provider="testdata2" finished-at="2019-09-30T20:14:17 IST">
          <params>
            <param index="0">
              <value>
                <![CDATA[Artificial Intelligence / Machine Learning]]>
              </value>
            </param>
          </params>
          <exception class="java.lang.AssertionError">
            <message>
              <![CDATA[footer is not present expected [Artificial Intelligence / Machine Learning] but found []]]>
            </message>
            <full-stacktrace>
              <![CDATA[java.lang.AssertionError: footer is not present expected [Artificial Intelligence / Machine Learning] but found []
at org.testng.Assert.fail(Assert.java:97)
at org.testng.Assert.assertEqualsImpl(Assert.java:136)
at org.testng.Assert.assertEquals(Assert.java:118)
at org.testng.Assert.assertEquals(Assert.java:575)
at com.atmecs.pages.HomeFooterValidateMethod.validatesubserviecs(HomeFooterValidateMethod.java:28)
at com.atmecs.script.ServicesContextMenu.validateSubmenu(ServicesContextMenu.java:23)
at sun.reflect.NativeMethodAccessorImpl.invoke0(Native Method)
at sun.reflect.NativeMethodAccessorImpl.invoke(Unknown Source)
at sun.reflect.DelegatingMethodAccessorImpl.invoke(Unknown Source)
at java.lang.reflect.Method.invoke(Unknown Source)
at org.testng.internal.MethodInvocationHelper.invokeMethod(MethodInvocationHelper.java:133)
at org.testng.internal.TestInvoker.invokeMethod(TestInvoker.java:584)
at org.testng.internal.TestInvoker.invokeTestMethod(TestInvoker.java:172)
at org.testng.internal.MethodRunner.runInSequence(MethodRunner.java:46)
at org.testng.internal.TestInvoker$MethodInvocationAgent.invoke(TestInvoker.java:804)
at org.testng.internal.TestInvoker.invokeTestMethods(TestInvoker.java:145)
at org.testng.internal.TestMethodWorker.invokeTestMethods(TestMethodWorker.java:146)
at org.testng.internal.TestMethodWorker.run(TestMethodWorker.java:128)
at java.util.ArrayList.forEach(Unknown Source)
at org.testng.TestRunner.privateRun(TestRunner.java:770)
at org.testng.TestRunner.run(TestRunner.java:591)
at org.testng.SuiteRunner.runTest(SuiteRunner.java:402)
at org.testng.SuiteRunner.runSequentially(SuiteRunner.java:396)
at org.testng.SuiteRunner.privateRun(SuiteRunner.java:355)
at org.testng.SuiteRunner.run(SuiteRunner.java:304)
at org.testng.SuiteRunnerWorker.runSuite(SuiteRunnerWorker.java:53)
at org.testng.SuiteRunnerWorker.run(SuiteRunnerWorker.java:96)
at org.testng.TestNG.runSuitesSequentially(TestNG.java:1180)
at org.testng.TestNG.runSuitesLocally(TestNG.java:1102)
at org.testng.TestNG.runSuites(TestNG.java:1032)
at org.testng.TestNG.run(TestNG.java:1000)
at org.testng.remote.AbstractRemoteTestNG.run(AbstractRemoteTestNG.java:115)
at org.testng.remote.RemoteTestNG.initAndRun(RemoteTestNG.java:251)
at org.testng.remote.RemoteTestNG.main(RemoteTestNG.java:77)
]]>
            </full-stacktrace>
          </exception> <!-- java.lang.AssertionError -->
          <reporter-output>
          </reporter-output>
        </test-method> <!-- validateSubmenu -->
        <test-method status="FAIL" signature="validateSubmenu(java.lang.String)[pri:18, instance:com.atmecs.script.ServicesContextMenu@4d95d2a2]" name="validateSubmenu" duration-ms="43" started-at="2019-09-30T20:14:17 IST" data-provider="testdata2" finished-at="2019-09-30T20:14:17 IST">
          <params>
            <param index="0">
              <value>
                <![CDATA[Augmented Reality / Virtual Reality]]>
              </value>
            </param>
          </params>
          <exception class="java.lang.AssertionError">
            <message>
              <![CDATA[footer is not present expected [Augmented Reality / Virtual Reality] but found []]]>
            </message>
            <full-stacktrace>
              <![CDATA[java.lang.AssertionError: footer is not present expected [Augmented Reality / Virtual Reality] but found []
at org.testng.Assert.fail(Assert.java:97)
at org.testng.Assert.assertEqualsImpl(Assert.java:136)
at org.testng.Assert.assertEquals(Assert.java:118)
at org.testng.Assert.assertEquals(Assert.java:575)
at com.atmecs.pages.HomeFooterValidateMethod.validatesubserviecs(HomeFooterValidateMethod.java:28)
at com.atmecs.script.ServicesContextMenu.validateSubmenu(ServicesContextMenu.java:23)
at sun.reflect.NativeMethodAccessorImpl.invoke0(Native Method)
at sun.reflect.NativeMethodAccessorImpl.invoke(Unknown Source)
at sun.reflect.DelegatingMethodAccessorImpl.invoke(Unknown Source)
at java.lang.reflect.Method.invoke(Unknown Source)
at org.testng.internal.MethodInvocationHelper.invokeMethod(MethodInvocationHelper.java:133)
at org.testng.internal.TestInvoker.invokeMethod(TestInvoker.java:584)
at org.testng.internal.TestInvoker.invokeTestMethod(TestInvoker.java:172)
at org.testng.internal.MethodRunner.runInSequence(MethodRunner.java:46)
at org.testng.internal.TestInvoker$MethodInvocationAgent.invoke(TestInvoker.java:804)
at org.testng.internal.TestInvoker.invokeTestMethods(TestInvoker.java:145)
at org.testng.internal.TestMethodWorker.invokeTestMethods(TestMethodWorker.java:146)
at org.testng.internal.TestMethodWorker.run(TestMethodWorker.java:128)
at java.util.ArrayList.forEach(Unknown Source)
at org.testng.TestRunner.privateRun(TestRunner.java:770)
at org.testng.TestRunner.run(TestRunner.java:591)
at org.testng.SuiteRunner.runTest(SuiteRunner.java:402)
at org.testng.SuiteRunner.runSequentially(SuiteRunner.java:396)
at org.testng.SuiteRunner.privateRun(SuiteRunner.java:355)
at org.testng.SuiteRunner.run(SuiteRunner.java:304)
at org.testng.SuiteRunnerWorker.runSuite(SuiteRunnerWorker.java:53)
at org.testng.SuiteRunnerWorker.run(SuiteRunnerWorker.java:96)
at org.testng.TestNG.runSuitesSequentially(TestNG.java:1180)
at org.testng.TestNG.runSuitesLocally(TestNG.java:1102)
at org.testng.TestNG.runSuites(TestNG.java:1032)
at org.testng.TestNG.run(TestNG.java:1000)
at org.testng.remote.AbstractRemoteTestNG.run(AbstractRemoteTestNG.java:115)
at org.testng.remote.RemoteTestNG.initAndRun(RemoteTestNG.java:251)
at org.testng.remote.RemoteTestNG.main(RemoteTestNG.java:77)
]]>
            </full-stacktrace>
          </exception> <!-- java.lang.AssertionError -->
          <reporter-output>
          </reporter-output>
        </test-method> <!-- validateSubmenu -->
        <test-method status="FAIL" signature="validateSubmenu(java.lang.String)[pri:18, instance:com.atmecs.script.ServicesContextMenu@4d95d2a2]" name="validateSubmenu" duration-ms="45" started-at="2019-09-30T20:14:17 IST" data-provider="testdata2" finished-at="2019-09-30T20:14:17 IST">
          <params>
            <param index="0">
              <value>
                <![CDATA[Robotic Process Automation & ChatBOTs]]>
              </value>
            </param>
          </params>
          <exception class="java.lang.AssertionError">
            <message>
              <![CDATA[footer is not present expected [Robotic Process Automation & ChatBOTs] but found []]]>
            </message>
            <full-stacktrace>
              <![CDATA[java.lang.AssertionError: footer is not present expected [Robotic Process Automation & ChatBOTs] but found []
at org.testng.Assert.fail(Assert.java:97)
at org.testng.Assert.assertEqualsImpl(Assert.java:136)
at org.testng.Assert.assertEquals(Assert.java:118)
at org.testng.Assert.assertEquals(Assert.java:575)
at com.atmecs.pages.HomeFooterValidateMethod.validatesubserviecs(HomeFooterValidateMethod.java:28)
at com.atmecs.script.ServicesContextMenu.validateSubmenu(ServicesContextMenu.java:23)
at sun.reflect.NativeMethodAccessorImpl.invoke0(Native Method)
at sun.reflect.NativeMethodAccessorImpl.invoke(Unknown Source)
at sun.reflect.DelegatingMethodAccessorImpl.invoke(Unknown Source)
at java.lang.reflect.Method.invoke(Unknown Source)
at org.testng.internal.MethodInvocationHelper.invokeMethod(MethodInvocationHelper.java:133)
at org.testng.internal.TestInvoker.invokeMethod(TestInvoker.java:584)
at org.testng.internal.TestInvoker.invokeTestMethod(TestInvoker.java:172)
at org.testng.internal.MethodRunner.runInSequence(MethodRunner.java:46)
at org.testng.internal.TestInvoker$MethodInvocationAgent.invoke(TestInvoker.java:804)
at org.testng.internal.TestInvoker.invokeTestMethods(TestInvoker.java:145)
at org.testng.internal.TestMethodWorker.invokeTestMethods(TestMethodWorker.java:146)
at org.testng.internal.TestMethodWorker.run(TestMethodWorker.java:128)
at java.util.ArrayList.forEach(Unknown Source)
at org.testng.TestRunner.privateRun(TestRunner.java:770)
at org.testng.TestRunner.run(TestRunner.java:591)
at org.testng.SuiteRunner.runTest(SuiteRunner.java:402)
at org.testng.SuiteRunner.runSequentially(SuiteRunner.java:396)
at org.testng.SuiteRunner.privateRun(SuiteRunner.java:355)
at org.testng.SuiteRunner.run(SuiteRunner.java:304)
at org.testng.SuiteRunnerWorker.runSuite(SuiteRunnerWorker.java:53)
at org.testng.SuiteRunnerWorker.run(SuiteRunnerWorker.java:96)
at org.testng.TestNG.runSuitesSequentially(TestNG.java:1180)
at org.testng.TestNG.runSuitesLocally(TestNG.java:1102)
at org.testng.TestNG.runSuites(TestNG.java:1032)
at org.testng.TestNG.run(TestNG.java:1000)
at org.testng.remote.AbstractRemoteTestNG.run(AbstractRemoteTestNG.java:115)
at org.testng.remote.RemoteTestNG.initAndRun(RemoteTestNG.java:251)
at org.testng.remote.RemoteTestNG.main(RemoteTestNG.java:77)
]]>
            </full-stacktrace>
          </exception> <!-- java.lang.AssertionError -->
          <reporter-output>
          </reporter-output>
        </test-method> <!-- validateSubmenu -->
        <test-method status="FAIL" signature="validateSubmenu(java.lang.String)[pri:18, instance:com.atmecs.script.ServicesContextMenu@4d95d2a2]" name="validateSubmenu" duration-ms="45" started-at="2019-09-30T20:14:17 IST" data-provider="testdata2" finished-at="2019-09-30T20:14:17 IST">
          <params>
            <param index="0">
              <value>
                <![CDATA[Internet of Things]]>
              </value>
            </param>
          </params>
          <exception class="java.lang.AssertionError">
            <message>
              <![CDATA[footer is not present expected [Internet of Things] but found []]]>
            </message>
            <full-stacktrace>
              <![CDATA[java.lang.AssertionError: footer is not present expected [Internet of Things] but found []
at org.testng.Assert.fail(Assert.java:97)
at org.testng.Assert.assertEqualsImpl(Assert.java:136)
at org.testng.Assert.assertEquals(Assert.java:118)
at org.testng.Assert.assertEquals(Assert.java:575)
at com.atmecs.pages.HomeFooterValidateMethod.validatesubserviecs(HomeFooterValidateMethod.java:28)
at com.atmecs.script.ServicesContextMenu.validateSubmenu(ServicesContextMenu.java:23)
at sun.reflect.NativeMethodAccessorImpl.invoke0(Native Method)
at sun.reflect.NativeMethodAccessorImpl.invoke(Unknown Source)
at sun.reflect.DelegatingMethodAccessorImpl.invoke(Unknown Source)
at java.lang.reflect.Method.invoke(Unknown Source)
at org.testng.internal.MethodInvocationHelper.invokeMethod(MethodInvocationHelper.java:133)
at org.testng.internal.TestInvoker.invokeMethod(TestInvoker.java:584)
at org.testng.internal.TestInvoker.invokeTestMethod(TestInvoker.java:172)
at org.testng.internal.MethodRunner.runInSequence(MethodRunner.java:46)
at org.testng.internal.TestInvoker$MethodInvocationAgent.invoke(TestInvoker.java:804)
at org.testng.internal.TestInvoker.invokeTestMethods(TestInvoker.java:145)
at org.testng.internal.TestMethodWorker.invokeTestMethods(TestMethodWorker.java:146)
at org.testng.internal.TestMethodWorker.run(TestMethodWorker.java:128)
at java.util.ArrayList.forEach(Unknown Source)
at org.testng.TestRunner.privateRun(TestRunner.java:770)
at org.testng.TestRunner.run(TestRunner.java:591)
at org.testng.SuiteRunner.runTest(SuiteRunner.java:402)
at org.testng.SuiteRunner.runSequentially(SuiteRunner.java:396)
at org.testng.SuiteRunner.privateRun(SuiteRunner.java:355)
at org.testng.SuiteRunner.run(SuiteRunner.java:304)
at org.testng.SuiteRunnerWorker.runSuite(SuiteRunnerWorker.java:53)
at org.testng.SuiteRunnerWorker.run(SuiteRunnerWorker.java:96)
at org.testng.TestNG.runSuitesSequentially(TestNG.java:1180)
at org.testng.TestNG.runSuitesLocally(TestNG.java:1102)
at org.testng.TestNG.runSuites(TestNG.java:1032)
at org.testng.TestNG.run(TestNG.java:1000)
at org.testng.remote.AbstractRemoteTestNG.run(AbstractRemoteTestNG.java:115)
at org.testng.remote.RemoteTestNG.initAndRun(RemoteTestNG.java:251)
at org.testng.remote.RemoteTestNG.main(RemoteTestNG.java:77)
]]>
            </full-stacktrace>
          </exception> <!-- java.lang.AssertionError -->
          <reporter-output>
          </reporter-output>
        </test-method> <!-- validateSubmenu -->
        <test-method status="FAIL" signature="validateSubmenu(java.lang.String)[pri:18, instance:com.atmecs.script.ServicesContextMenu@4d95d2a2]" name="validateSubmenu" duration-ms="53" started-at="2019-09-30T20:14:17 IST" data-provider="testdata2" finished-at="2019-09-30T20:14:17 IST">
          <params>
            <param index="0">
              <value>
                <![CDATA[Blockchain]]>
              </value>
            </param>
          </params>
          <exception class="java.lang.AssertionError">
            <message>
              <![CDATA[footer is not present expected [Blockchain] but found []]]>
            </message>
            <full-stacktrace>
              <![CDATA[java.lang.AssertionError: footer is not present expected [Blockchain] but found []
at org.testng.Assert.fail(Assert.java:97)
at org.testng.Assert.assertEqualsImpl(Assert.java:136)
at org.testng.Assert.assertEquals(Assert.java:118)
at org.testng.Assert.assertEquals(Assert.java:575)
at com.atmecs.pages.HomeFooterValidateMethod.validatesubserviecs(HomeFooterValidateMethod.java:28)
at com.atmecs.script.ServicesContextMenu.validateSubmenu(ServicesContextMenu.java:23)
at sun.reflect.NativeMethodAccessorImpl.invoke0(Native Method)
at sun.reflect.NativeMethodAccessorImpl.invoke(Unknown Source)
at sun.reflect.DelegatingMethodAccessorImpl.invoke(Unknown Source)
at java.lang.reflect.Method.invoke(Unknown Source)
at org.testng.internal.MethodInvocationHelper.invokeMethod(MethodInvocationHelper.java:133)
at org.testng.internal.TestInvoker.invokeMethod(TestInvoker.java:584)
at org.testng.internal.TestInvoker.invokeTestMethod(TestInvoker.java:172)
at org.testng.internal.MethodRunner.runInSequence(MethodRunner.java:46)
at org.testng.internal.TestInvoker$MethodInvocationAgent.invoke(TestInvoker.java:804)
at org.testng.internal.TestInvoker.invokeTestMethods(TestInvoker.java:145)
at org.testng.internal.TestMethodWorker.invokeTestMethods(TestMethodWorker.java:146)
at org.testng.internal.TestMethodWorker.run(TestMethodWorker.java:128)
at java.util.ArrayList.forEach(Unknown Source)
at org.testng.TestRunner.privateRun(TestRunner.java:770)
at org.testng.TestRunner.run(TestRunner.java:591)
at org.testng.SuiteRunner.runTest(SuiteRunner.java:402)
at org.testng.SuiteRunner.runSequentially(SuiteRunner.java:396)
at org.testng.SuiteRunner.privateRun(SuiteRunner.java:355)
at org.testng.SuiteRunner.run(SuiteRunner.java:304)
at org.testng.SuiteRunnerWorker.runSuite(SuiteRunnerWorker.java:53)
at org.testng.SuiteRunnerWorker.run(SuiteRunnerWorker.java:96)
at org.testng.TestNG.runSuitesSequentially(TestNG.java:1180)
at org.testng.TestNG.runSuitesLocally(TestNG.java:1102)
at org.testng.TestNG.runSuites(TestNG.java:1032)
at org.testng.TestNG.run(TestNG.java:1000)
at org.testng.remote.AbstractRemoteTestNG.run(AbstractRemoteTestNG.java:115)
at org.testng.remote.RemoteTestNG.initAndRun(RemoteTestNG.java:251)
at org.testng.remote.RemoteTestNG.main(RemoteTestNG.java:77)
]]>
            </full-stacktrace>
          </exception> <!-- java.lang.AssertionError -->
          <reporter-output>
          </reporter-output>
        </test-method> <!-- validateSubmenu -->
        <test-method status="PASS" signature="infrastructureservice()[pri:19, instance:com.atmecs.script.ServicesContextMenu@4d95d2a2]" name="infrastructureservice" duration-ms="180" started-at="2019-09-30T20:14:17 IST" finished-at="2019-09-30T20:14:17 IST">
          <reporter-output>
          </reporter-output>
        </test-method> <!-- infrastructureservice -->
        <test-method status="FAIL" signature="validateInfraServices(java.lang.String)[pri:20, instance:com.atmecs.script.ServicesContextMenu@4d95d2a2]" name="validateInfraServices" duration-ms="32" started-at="2019-09-30T20:14:17 IST" data-provider="testdata3" finished-at="2019-09-30T20:14:17 IST">
          <params>
            <param index="0">
              <value>
                <![CDATA[Infrastructure Management]]>
              </value>
            </param>
          </params>
          <exception class="java.lang.AssertionError">
            <message>
              <![CDATA[footer is not present expected [Infrastructure Management] but found []]]>
            </message>
            <full-stacktrace>
              <![CDATA[java.lang.AssertionError: footer is not present expected [Infrastructure Management] but found []
at org.testng.Assert.fail(Assert.java:97)
at org.testng.Assert.assertEqualsImpl(Assert.java:136)
at org.testng.Assert.assertEquals(Assert.java:118)
at org.testng.Assert.assertEquals(Assert.java:575)
at com.atmecs.pages.HomeFooterValidateMethod.validatesubserviecs(HomeFooterValidateMethod.java:28)
at com.atmecs.script.ServicesContextMenu.validateInfraServices(ServicesContextMenu.java:38)
at sun.reflect.NativeMethodAccessorImpl.invoke0(Native Method)
at sun.reflect.NativeMethodAccessorImpl.invoke(Unknown Source)
at sun.reflect.DelegatingMethodAccessorImpl.invoke(Unknown Source)
at java.lang.reflect.Method.invoke(Unknown Source)
at org.testng.internal.MethodInvocationHelper.invokeMethod(MethodInvocationHelper.java:133)
at org.testng.internal.TestInvoker.invokeMethod(TestInvoker.java:584)
at org.testng.internal.TestInvoker.invokeTestMethod(TestInvoker.java:172)
at org.testng.internal.MethodRunner.runInSequence(MethodRunner.java:46)
at org.testng.internal.TestInvoker$MethodInvocationAgent.invoke(TestInvoker.java:804)
at org.testng.internal.TestInvoker.invokeTestMethods(TestInvoker.java:145)
at org.testng.internal.TestMethodWorker.invokeTestMethods(TestMethodWorker.java:146)
at org.testng.internal.TestMethodWorker.run(TestMethodWorker.java:128)
at java.util.ArrayList.forEach(Unknown Source)
at org.testng.TestRunner.privateRun(TestRunner.java:770)
at org.testng.TestRunner.run(TestRunner.java:591)
at org.testng.SuiteRunner.runTest(SuiteRunner.java:402)
at org.testng.SuiteRunner.runSequentially(SuiteRunner.java:396)
at org.testng.SuiteRunner.privateRun(SuiteRunner.java:355)
at org.testng.SuiteRunner.run(SuiteRunner.java:304)
at org.testng.SuiteRunnerWorker.runSuite(SuiteRunnerWorker.java:53)
at org.testng.SuiteRunnerWorker.run(SuiteRunnerWorker.java:96)
at org.testng.TestNG.runSuitesSequentially(TestNG.java:1180)
at org.testng.TestNG.runSuitesLocally(TestNG.java:1102)
at org.testng.TestNG.runSuites(TestNG.java:1032)
at org.testng.TestNG.run(TestNG.java:1000)
at org.testng.remote.AbstractRemoteTestNG.run(AbstractRemoteTestNG.java:115)
at org.testng.remote.RemoteTestNG.initAndRun(RemoteTestNG.java:251)
at org.testng.remote.RemoteTestNG.main(RemoteTestNG.java:77)
]]>
            </full-stacktrace>
          </exception> <!-- java.lang.AssertionError -->
          <reporter-output>
          </reporter-output>
        </test-method> <!-- validateInfraServices -->
        <test-method status="FAIL" signature="validateInfraServices(java.lang.String)[pri:20, instance:com.atmecs.script.ServicesContextMenu@4d95d2a2]" name="validateInfraServices" duration-ms="31" started-at="2019-09-30T20:14:17 IST" data-provider="testdata3" finished-at="2019-09-30T20:14:17 IST">
          <params>
            <param index="0">
              <value>
                <![CDATA[Cloud Infrastructure]]>
              </value>
            </param>
          </params>
          <exception class="java.lang.AssertionError">
            <message>
              <![CDATA[footer is not present expected [Cloud Infrastructure] but found []]]>
            </message>
            <full-stacktrace>
              <![CDATA[java.lang.AssertionError: footer is not present expected [Cloud Infrastructure] but found []
at org.testng.Assert.fail(Assert.java:97)
at org.testng.Assert.assertEqualsImpl(Assert.java:136)
at org.testng.Assert.assertEquals(Assert.java:118)
at org.testng.Assert.assertEquals(Assert.java:575)
at com.atmecs.pages.HomeFooterValidateMethod.validatesubserviecs(HomeFooterValidateMethod.java:28)
at com.atmecs.script.ServicesContextMenu.validateInfraServices(ServicesContextMenu.java:38)
at sun.reflect.NativeMethodAccessorImpl.invoke0(Native Method)
at sun.reflect.NativeMethodAccessorImpl.invoke(Unknown Source)
at sun.reflect.DelegatingMethodAccessorImpl.invoke(Unknown Source)
at java.lang.reflect.Method.invoke(Unknown Source)
at org.testng.internal.MethodInvocationHelper.invokeMethod(MethodInvocationHelper.java:133)
at org.testng.internal.TestInvoker.invokeMethod(TestInvoker.java:584)
at org.testng.internal.TestInvoker.invokeTestMethod(TestInvoker.java:172)
at org.testng.internal.MethodRunner.runInSequence(MethodRunner.java:46)
at org.testng.internal.TestInvoker$MethodInvocationAgent.invoke(TestInvoker.java:804)
at org.testng.internal.TestInvoker.invokeTestMethods(TestInvoker.java:145)
at org.testng.internal.TestMethodWorker.invokeTestMethods(TestMethodWorker.java:146)
at org.testng.internal.TestMethodWorker.run(TestMethodWorker.java:128)
at java.util.ArrayList.forEach(Unknown Source)
at org.testng.TestRunner.privateRun(TestRunner.java:770)
at org.testng.TestRunner.run(TestRunner.java:591)
at org.testng.SuiteRunner.runTest(SuiteRunner.java:402)
at org.testng.SuiteRunner.runSequentially(SuiteRunner.java:396)
at org.testng.SuiteRunner.privateRun(SuiteRunner.java:355)
at org.testng.SuiteRunner.run(SuiteRunner.java:304)
at org.testng.SuiteRunnerWorker.runSuite(SuiteRunnerWorker.java:53)
at org.testng.SuiteRunnerWorker.run(SuiteRunnerWorker.java:96)
at org.testng.TestNG.runSuitesSequentially(TestNG.java:1180)
at org.testng.TestNG.runSuitesLocally(TestNG.java:1102)
at org.testng.TestNG.runSuites(TestNG.java:1032)
at org.testng.TestNG.run(TestNG.java:1000)
at org.testng.remote.AbstractRemoteTestNG.run(AbstractRemoteTestNG.java:115)
at org.testng.remote.RemoteTestNG.initAndRun(RemoteTestNG.java:251)
at org.testng.remote.RemoteTestNG.main(RemoteTestNG.java:77)
]]>
            </full-stacktrace>
          </exception> <!-- java.lang.AssertionError -->
          <reporter-output>
          </reporter-output>
        </test-method> <!-- validateInfraServices -->
        <test-method status="FAIL" signature="validateInfraServices(java.lang.String)[pri:20, instance:com.atmecs.script.ServicesContextMenu@4d95d2a2]" name="validateInfraServices" duration-ms="35" started-at="2019-09-30T20:14:17 IST" data-provider="testdata3" finished-at="2019-09-30T20:14:17 IST">
          <params>
            <param index="0">
              <value>
                <![CDATA[Devops]]>
              </value>
            </param>
          </params>
          <exception class="java.lang.AssertionError">
            <message>
              <![CDATA[footer is not present expected [Devops] but found []]]>
            </message>
            <full-stacktrace>
              <![CDATA[java.lang.AssertionError: footer is not present expected [Devops] but found []
at org.testng.Assert.fail(Assert.java:97)
at org.testng.Assert.assertEqualsImpl(Assert.java:136)
at org.testng.Assert.assertEquals(Assert.java:118)
at org.testng.Assert.assertEquals(Assert.java:575)
at com.atmecs.pages.HomeFooterValidateMethod.validatesubserviecs(HomeFooterValidateMethod.java:28)
at com.atmecs.script.ServicesContextMenu.validateInfraServices(ServicesContextMenu.java:38)
at sun.reflect.NativeMethodAccessorImpl.invoke0(Native Method)
at sun.reflect.NativeMethodAccessorImpl.invoke(Unknown Source)
at sun.reflect.DelegatingMethodAccessorImpl.invoke(Unknown Source)
at java.lang.reflect.Method.invoke(Unknown Source)
at org.testng.internal.MethodInvocationHelper.invokeMethod(MethodInvocationHelper.java:133)
at org.testng.internal.TestInvoker.invokeMethod(TestInvoker.java:584)
at org.testng.internal.TestInvoker.invokeTestMethod(TestInvoker.java:172)
at org.testng.internal.MethodRunner.runInSequence(MethodRunner.java:46)
at org.testng.internal.TestInvoker$MethodInvocationAgent.invoke(TestInvoker.java:804)
at org.testng.internal.TestInvoker.invokeTestMethods(TestInvoker.java:145)
at org.testng.internal.TestMethodWorker.invokeTestMethods(TestMethodWorker.java:146)
at org.testng.internal.TestMethodWorker.run(TestMethodWorker.java:128)
at java.util.ArrayList.forEach(Unknown Source)
at org.testng.TestRunner.privateRun(TestRunner.java:770)
at org.testng.TestRunner.run(TestRunner.java:591)
at org.testng.SuiteRunner.runTest(SuiteRunner.java:402)
at org.testng.SuiteRunner.runSequentially(SuiteRunner.java:396)
at org.testng.SuiteRunner.privateRun(SuiteRunner.java:355)
at org.testng.SuiteRunner.run(SuiteRunner.java:304)
at org.testng.SuiteRunnerWorker.runSuite(SuiteRunnerWorker.java:53)
at org.testng.SuiteRunnerWorker.run(SuiteRunnerWorker.java:96)
at org.testng.TestNG.runSuitesSequentially(TestNG.java:1180)
at org.testng.TestNG.runSuitesLocally(TestNG.java:1102)
at org.testng.TestNG.runSuites(TestNG.java:1032)
at org.testng.TestNG.run(TestNG.java:1000)
at org.testng.remote.AbstractRemoteTestNG.run(AbstractRemoteTestNG.java:115)
at org.testng.remote.RemoteTestNG.initAndRun(RemoteTestNG.java:251)
at org.testng.remote.RemoteTestNG.main(RemoteTestNG.java:77)
]]>
            </full-stacktrace>
          </exception> <!-- java.lang.AssertionError -->
          <reporter-output>
          </reporter-output>
        </test-method> <!-- validateInfraServices -->
        <test-method status="FAIL" signature="validateInfraServices(java.lang.String)[pri:20, instance:com.atmecs.script.ServicesContextMenu@4d95d2a2]" name="validateInfraServices" duration-ms="35" started-at="2019-09-30T20:14:17 IST" data-provider="testdata3" finished-at="2019-09-30T20:14:17 IST">
          <params>
            <param index="0">
              <value>
                <![CDATA[NOC Services]]>
              </value>
            </param>
          </params>
          <exception class="java.lang.AssertionError">
            <message>
              <![CDATA[footer is not present expected [NOC Services] but found []]]>
            </message>
            <full-stacktrace>
              <![CDATA[java.lang.AssertionError: footer is not present expected [NOC Services] but found []
at org.testng.Assert.fail(Assert.java:97)
at org.testng.Assert.assertEqualsImpl(Assert.java:136)
at org.testng.Assert.assertEquals(Assert.java:118)
at org.testng.Assert.assertEquals(Assert.java:575)
at com.atmecs.pages.HomeFooterValidateMethod.validatesubserviecs(HomeFooterValidateMethod.java:28)
at com.atmecs.script.ServicesContextMenu.validateInfraServices(ServicesContextMenu.java:38)
at sun.reflect.NativeMethodAccessorImpl.invoke0(Native Method)
at sun.reflect.NativeMethodAccessorImpl.invoke(Unknown Source)
at sun.reflect.DelegatingMethodAccessorImpl.invoke(Unknown Source)
at java.lang.reflect.Method.invoke(Unknown Source)
at org.testng.internal.MethodInvocationHelper.invokeMethod(MethodInvocationHelper.java:133)
at org.testng.internal.TestInvoker.invokeMethod(TestInvoker.java:584)
at org.testng.internal.TestInvoker.invokeTestMethod(TestInvoker.java:172)
at org.testng.internal.MethodRunner.runInSequence(MethodRunner.java:46)
at org.testng.internal.TestInvoker$MethodInvocationAgent.invoke(TestInvoker.java:804)
at org.testng.internal.TestInvoker.invokeTestMethods(TestInvoker.java:145)
at org.testng.internal.TestMethodWorker.invokeTestMethods(TestMethodWorker.java:146)
at org.testng.internal.TestMethodWorker.run(TestMethodWorker.java:128)
at java.util.ArrayList.forEach(Unknown Source)
at org.testng.TestRunner.privateRun(TestRunner.java:770)
at org.testng.TestRunner.run(TestRunner.java:591)
at org.testng.SuiteRunner.runTest(SuiteRunner.java:402)
at org.testng.SuiteRunner.runSequentially(SuiteRunner.java:396)
at org.testng.SuiteRunner.privateRun(SuiteRunner.java:355)
at org.testng.SuiteRunner.run(SuiteRunner.java:304)
at org.testng.SuiteRunnerWorker.runSuite(SuiteRunnerWorker.java:53)
at org.testng.SuiteRunnerWorker.run(SuiteRunnerWorker.java:96)
at org.testng.TestNG.runSuitesSequentially(TestNG.java:1180)
at org.testng.TestNG.runSuitesLocally(TestNG.java:1102)
at org.testng.TestNG.runSuites(TestNG.java:1032)
at org.testng.TestNG.run(TestNG.java:1000)
at org.testng.remote.AbstractRemoteTestNG.run(AbstractRemoteTestNG.java:115)
at org.testng.remote.RemoteTestNG.initAndRun(RemoteTestNG.java:251)
at org.testng.remote.RemoteTestNG.main(RemoteTestNG.java:77)
]]>
            </full-stacktrace>
          </exception> <!-- java.lang.AssertionError -->
          <reporter-output>
          </reporter-output>
        </test-method> <!-- validateInfraServices -->
        <test-method status="FAIL" signature="validateInfraServices(java.lang.String)[pri:20, instance:com.atmecs.script.ServicesContextMenu@4d95d2a2]" name="validateInfraServices" duration-ms="37" started-at="2019-09-30T20:14:17 IST" data-provider="testdata3" finished-at="2019-09-30T20:14:17 IST">
          <params>
            <param index="0">
              <value>
                <![CDATA[Data Center Management]]>
              </value>
            </param>
          </params>
          <exception class="java.lang.AssertionError">
            <message>
              <![CDATA[footer is not present expected [Data Center Management] but found []]]>
            </message>
            <full-stacktrace>
              <![CDATA[java.lang.AssertionError: footer is not present expected [Data Center Management] but found []
at org.testng.Assert.fail(Assert.java:97)
at org.testng.Assert.assertEqualsImpl(Assert.java:136)
at org.testng.Assert.assertEquals(Assert.java:118)
at org.testng.Assert.assertEquals(Assert.java:575)
at com.atmecs.pages.HomeFooterValidateMethod.validatesubserviecs(HomeFooterValidateMethod.java:28)
at com.atmecs.script.ServicesContextMenu.validateInfraServices(ServicesContextMenu.java:38)
at sun.reflect.NativeMethodAccessorImpl.invoke0(Native Method)
at sun.reflect.NativeMethodAccessorImpl.invoke(Unknown Source)
at sun.reflect.DelegatingMethodAccessorImpl.invoke(Unknown Source)
at java.lang.reflect.Method.invoke(Unknown Source)
at org.testng.internal.MethodInvocationHelper.invokeMethod(MethodInvocationHelper.java:133)
at org.testng.internal.TestInvoker.invokeMethod(TestInvoker.java:584)
at org.testng.internal.TestInvoker.invokeTestMethod(TestInvoker.java:172)
at org.testng.internal.MethodRunner.runInSequence(MethodRunner.java:46)
at org.testng.internal.TestInvoker$MethodInvocationAgent.invoke(TestInvoker.java:804)
at org.testng.internal.TestInvoker.invokeTestMethods(TestInvoker.java:145)
at org.testng.internal.TestMethodWorker.invokeTestMethods(TestMethodWorker.java:146)
at org.testng.internal.TestMethodWorker.run(TestMethodWorker.java:128)
at java.util.ArrayList.forEach(Unknown Source)
at org.testng.TestRunner.privateRun(TestRunner.java:770)
at org.testng.TestRunner.run(TestRunner.java:591)
at org.testng.SuiteRunner.runTest(SuiteRunner.java:402)
at org.testng.SuiteRunner.runSequentially(SuiteRunner.java:396)
at org.testng.SuiteRunner.privateRun(SuiteRunner.java:355)
at org.testng.SuiteRunner.run(SuiteRunner.java:304)
at org.testng.SuiteRunnerWorker.runSuite(SuiteRunnerWorker.java:53)
at org.testng.SuiteRunnerWorker.run(SuiteRunnerWorker.java:96)
at org.testng.TestNG.runSuitesSequentially(TestNG.java:1180)
at org.testng.TestNG.runSuitesLocally(TestNG.java:1102)
at org.testng.TestNG.runSuites(TestNG.java:1032)
at org.testng.TestNG.run(TestNG.java:1000)
at org.testng.remote.AbstractRemoteTestNG.run(AbstractRemoteTestNG.java:115)
at org.testng.remote.RemoteTestNG.initAndRun(RemoteTestNG.java:251)
at org.testng.remote.RemoteTestNG.main(RemoteTestNG.java:77)
]]>
            </full-stacktrace>
          </exception> <!-- java.lang.AssertionError -->
          <reporter-output>
          </reporter-output>
        </test-method> <!-- validateInfraServices -->
      </class> <!-- com.atmecs.script.ServicesContextMenu -->
      <class name="com.atmecs.script.FinalBlogScript">
        <test-method status="FAIL" signature="hoverOnSight()[pri:21, instance:com.atmecs.script.FinalBlogScript@53f65459]" name="hoverOnSight" duration-ms="345" started-at="2019-09-30T20:14:17 IST" finished-at="2019-09-30T20:14:18 IST">
          <exception class="org.openqa.selenium.ElementNotInteractableException">
            <message>
              <![CDATA[Element <a href="http://www.atmecs.com/blogs/"> could not be scrolled into view
Build info: version: '4.0.0-alpha-2', revision: 'f148142cf8', time: '2019-07-01T20:55:26'
System info: host: 'ATMECSINLT-283', ip: '55.55.52.215', os.name: 'Windows 10', os.arch: 'amd64', os.version: '10.0', java.version: '1.8.0_221'
Driver info: org.openqa.selenium.firefox.FirefoxDriver
Capabilities {acceptInsecureCerts: true, browserName: firefox, browserVersion: 69.0.1, javascriptEnabled: true, moz:accessibilityChecks: false, moz:buildID: 20190917135527, moz:geckodriverVersion: 0.24.0, moz:headless: false, moz:processID: 13020, moz:profile: C:\Users\mohit.jaiswal\AppD..., moz:shutdownTimeout: 60000, moz:useNonSpecCompliantPointerOrigin: false, moz:webdriverClick: true, pageLoadStrategy: normal, platform: WINDOWS, platformName: WINDOWS, platformVersion: 10.0, rotatable: false, setWindowRect: true, strictFileInteractability: false, timeouts: {implicit: 0, pageLoad: 300000, script: 30000}, unhandledPromptBehavior: dismiss and notify}
Session ID: db7f8e03-75ee-4118-9dc5-1e5665ea17b6]]>
            </message>
            <full-stacktrace>
              <![CDATA[org.openqa.selenium.ElementNotInteractableException: Element <a href="http://www.atmecs.com/blogs/"> could not be scrolled into view
Build info: version: '4.0.0-alpha-2', revision: 'f148142cf8', time: '2019-07-01T20:55:26'
System info: host: 'ATMECSINLT-283', ip: '55.55.52.215', os.name: 'Windows 10', os.arch: 'amd64', os.version: '10.0', java.version: '1.8.0_221'
Driver info: org.openqa.selenium.firefox.FirefoxDriver
Capabilities {acceptInsecureCerts: true, browserName: firefox, browserVersion: 69.0.1, javascriptEnabled: true, moz:accessibilityChecks: false, moz:buildID: 20190917135527, moz:geckodriverVersion: 0.24.0, moz:headless: false, moz:processID: 13020, moz:profile: C:\Users\mohit.jaiswal\AppD..., moz:shutdownTimeout: 60000, moz:useNonSpecCompliantPointerOrigin: false, moz:webdriverClick: true, pageLoadStrategy: normal, platform: WINDOWS, platformName: WINDOWS, platformVersion: 10.0, rotatable: false, setWindowRect: true, strictFileInteractability: false, timeouts: {implicit: 0, pageLoad: 300000, script: 30000}, unhandledPromptBehavior: dismiss and notify}
Session ID: db7f8e03-75ee-4118-9dc5-1e5665ea17b6
at sun.reflect.NativeConstructorAccessorImpl.newInstance0(Native Method)
at sun.reflect.NativeConstructorAccessorImpl.newInstance(Unknown Source)
at sun.reflect.DelegatingConstructorAccessorImpl.newInstance(Unknown Source)
at java.lang.reflect.Constructor.newInstance(Unknown Source)
at org.openqa.selenium.remote.codec.w3c.W3CHttpResponseCodec.createException(W3CHttpResponseCodec.java:191)
at org.openqa.selenium.remote.codec.w3c.W3CHttpResponseCodec.decode(W3CHttpResponseCodec.java:125)
at org.openqa.selenium.remote.codec.w3c.W3CHttpResponseCodec.decode(W3CHttpResponseCodec.java:52)
at org.openqa.selenium.remote.HttpCommandExecutor.execute(HttpCommandExecutor.java:161)
at org.openqa.selenium.remote.service.DriverCommandExecutor.execute(DriverCommandExecutor.java:83)
at org.openqa.selenium.remote.RemoteWebDriver.execute(RemoteWebDriver.java:576)
at org.openqa.selenium.remote.RemoteWebElement.execute(RemoteWebElement.java:308)
at org.openqa.selenium.remote.RemoteWebElement.click(RemoteWebElement.java:83)
at com.atmecs.helper.CommonUtility$1.apply(CommonUtility.java:36)
at com.atmecs.helper.CommonUtility$1.apply(CommonUtility.java:1)
at org.openqa.selenium.support.ui.FluentWait.until(FluentWait.java:211)
at com.atmecs.helper.CommonUtility.clickElement(CommonUtility.java:33)
at com.atmecs.pages.BlogPages.blog(BlogPages.java:33)
at com.atmecs.script.FinalBlogScript.hoverOnSight(FinalBlogScript.java:17)
at sun.reflect.NativeMethodAccessorImpl.invoke0(Native Method)
at sun.reflect.NativeMethodAccessorImpl.invoke(Unknown Source)
at sun.reflect.DelegatingMethodAccessorImpl.invoke(Unknown Source)
at java.lang.reflect.Method.invoke(Unknown Source)
at org.testng.internal.MethodInvocationHelper.invokeMethod(MethodInvocationHelper.java:133)
at org.testng.internal.TestInvoker.invokeMethod(TestInvoker.java:584)
at org.testng.internal.TestInvoker.invokeTestMethod(TestInvoker.java:172)
at org.testng.internal.MethodRunner.runInSequence(MethodRunner.java:46)
at org.testng.internal.TestInvoker$MethodInvocationAgent.invoke(TestInvoker.java:804)
at org.testng.internal.TestInvoker.invokeTestMethods(TestInvoker.java:145)
at org.testng.internal.TestMethodWorker.invokeTestMethods(TestMethodWorker.java:146)
at org.testng.internal.TestMethodWorker.run(TestMethodWorker.java:128)
at java.util.ArrayList.forEach(Unknown Source)
at org.testng.TestRunner.privateRun(TestRunner.java:770)
at org.testng.TestRunner.run(TestRunner.java:591)
at org.testng.SuiteRunner.runTest(SuiteRunner.java:402)
at org.testng.SuiteRunner.runSequentially(SuiteRunner.java:396)
at org.testng.SuiteRunner.privateRun(SuiteRunner.java:355)
at org.testng.SuiteRunner.run(SuiteRunner.java:304)
at org.testng.SuiteRunnerWorker.runSuite(SuiteRunnerWorker.java:53)
at org.testng.SuiteRunnerWorker.run(SuiteRunnerWorker.java:96)
at org.testng.TestNG.runSuitesSequentially(TestNG.java:1180)
at org.testng.TestNG.runSuitesLocally(TestNG.java:1102)
at org.testng.TestNG.runSuites(TestNG.java:1032)
at org.testng.TestNG.run(TestNG.java:1000)
at org.testng.remote.AbstractRemoteTestNG.run(AbstractRemoteTestNG.java:115)
at org.testng.remote.RemoteTestNG.initAndRun(RemoteTestNG.java:251)
at org.testng.remote.RemoteTestNG.main(RemoteTestNG.java:77)
]]>
            </full-stacktrace>
          </exception> <!-- org.openqa.selenium.ElementNotInteractableException -->
          <reporter-output>
          </reporter-output>
        </test-method> <!-- hoverOnSight -->
        <test-method status="FAIL" signature="validateBlog()[pri:22, instance:com.atmecs.script.FinalBlogScript@53f65459]" name="validateBlog" duration-ms="30057" started-at="2019-09-30T20:14:18 IST" finished-at="2019-09-30T20:14:48 IST">
          <exception class="org.openqa.selenium.NoSuchElementException">
            <message>
              <![CDATA[Unable to locate element: (//h1[contains(.,'Debunking Myths about AI')])[2]
For documentation on this error, please visit: https://www.seleniumhq.org/exceptions/no_such_element.html
Build info: version: '4.0.0-alpha-2', revision: 'f148142cf8', time: '2019-07-01T20:55:26'
System info: host: 'ATMECSINLT-283', ip: '55.55.52.215', os.name: 'Windows 10', os.arch: 'amd64', os.version: '10.0', java.version: '1.8.0_221'
Driver info: org.openqa.selenium.firefox.FirefoxDriver
Capabilities {acceptInsecureCerts: true, browserName: firefox, browserVersion: 69.0.1, javascriptEnabled: true, moz:accessibilityChecks: false, moz:buildID: 20190917135527, moz:geckodriverVersion: 0.24.0, moz:headless: false, moz:processID: 13020, moz:profile: C:\Users\mohit.jaiswal\AppD..., moz:shutdownTimeout: 60000, moz:useNonSpecCompliantPointerOrigin: false, moz:webdriverClick: true, pageLoadStrategy: normal, platform: WINDOWS, platformName: WINDOWS, platformVersion: 10.0, rotatable: false, setWindowRect: true, strictFileInteractability: false, timeouts: {implicit: 0, pageLoad: 300000, script: 30000}, unhandledPromptBehavior: dismiss and notify}
Session ID: db7f8e03-75ee-4118-9dc5-1e5665ea17b6
*** Element info: {Using=xpath, value=(//h1[contains(.,'Debunking Myths about AI')])[2]}]]>
            </message>
            <full-stacktrace>
              <![CDATA[org.openqa.selenium.NoSuchElementException: Unable to locate element: (//h1[contains(.,'Debunking Myths about AI')])[2]
For documentation on this error, please visit: https://www.seleniumhq.org/exceptions/no_such_element.html
Build info: version: '4.0.0-alpha-2', revision: 'f148142cf8', time: '2019-07-01T20:55:26'
System info: host: 'ATMECSINLT-283', ip: '55.55.52.215', os.name: 'Windows 10', os.arch: 'amd64', os.version: '10.0', java.version: '1.8.0_221'
Driver info: org.openqa.selenium.firefox.FirefoxDriver
Capabilities {acceptInsecureCerts: true, browserName: firefox, browserVersion: 69.0.1, javascriptEnabled: true, moz:accessibilityChecks: false, moz:buildID: 20190917135527, moz:geckodriverVersion: 0.24.0, moz:headless: false, moz:processID: 13020, moz:profile: C:\Users\mohit.jaiswal\AppD..., moz:shutdownTimeout: 60000, moz:useNonSpecCompliantPointerOrigin: false, moz:webdriverClick: true, pageLoadStrategy: normal, platform: WINDOWS, platformName: WINDOWS, platformVersion: 10.0, rotatable: false, setWindowRect: true, strictFileInteractability: false, timeouts: {implicit: 0, pageLoad: 300000, script: 30000}, unhandledPromptBehavior: dismiss and notify}
Session ID: db7f8e03-75ee-4118-9dc5-1e5665ea17b6
*** Element info: {Using=xpath, value=(//h1[contains(.,'Debunking Myths about AI')])[2]}
at sun.reflect.NativeConstructorAccessorImpl.newInstance0(Native Method)
at sun.reflect.NativeConstructorAccessorImpl.newInstance(Unknown Source)
at sun.reflect.DelegatingConstructorAccessorImpl.newInstance(Unknown Source)
at java.lang.reflect.Constructor.newInstance(Unknown Source)
at org.openqa.selenium.remote.codec.w3c.W3CHttpResponseCodec.createException(W3CHttpResponseCodec.java:191)
at org.openqa.selenium.remote.codec.w3c.W3CHttpResponseCodec.decode(W3CHttpResponseCodec.java:125)
at org.openqa.selenium.remote.codec.w3c.W3CHttpResponseCodec.decode(W3CHttpResponseCodec.java:52)
at org.openqa.selenium.remote.HttpCommandExecutor.execute(HttpCommandExecutor.java:161)
at org.openqa.selenium.remote.service.DriverCommandExecutor.execute(DriverCommandExecutor.java:83)
at org.openqa.selenium.remote.RemoteWebDriver.execute(RemoteWebDriver.java:576)
at org.openqa.selenium.remote.RemoteWebDriver.findElement(RemoteWebDriver.java:327)
at org.openqa.selenium.remote.RemoteWebDriver.findElementByXPath(RemoteWebDriver.java:445)
at org.openqa.selenium.By$ByXPath.findElement(By.java:353)
at org.openqa.selenium.remote.RemoteWebDriver.findElement(RemoteWebDriver.java:319)
at com.atmecs.helper.CommonUtility$4.apply(CommonUtility.java:107)
at com.atmecs.helper.CommonUtility$4.apply(CommonUtility.java:1)
at org.openqa.selenium.support.ui.FluentWait.until(FluentWait.java:211)
at com.atmecs.helper.CommonUtility.getText(CommonUtility.java:105)
at com.atmecs.pages.ValidateBlog.validateBlogTitle(ValidateBlog.java:36)
at com.atmecs.script.FinalBlogScript.validateBlog(FinalBlogScript.java:23)
at sun.reflect.NativeMethodAccessorImpl.invoke0(Native Method)
at sun.reflect.NativeMethodAccessorImpl.invoke(Unknown Source)
at sun.reflect.DelegatingMethodAccessorImpl.invoke(Unknown Source)
at java.lang.reflect.Method.invoke(Unknown Source)
at org.testng.internal.MethodInvocationHelper.invokeMethod(MethodInvocationHelper.java:133)
at org.testng.internal.TestInvoker.invokeMethod(TestInvoker.java:584)
at org.testng.internal.TestInvoker.invokeTestMethod(TestInvoker.java:172)
at org.testng.internal.MethodRunner.runInSequence(MethodRunner.java:46)
at org.testng.internal.TestInvoker$MethodInvocationAgent.invoke(TestInvoker.java:804)
at org.testng.internal.TestInvoker.invokeTestMethods(TestInvoker.java:145)
at org.testng.internal.TestMethodWorker.invokeTestMethods(TestMethodWorker.java:146)
at org.testng.internal.TestMethodWorker.run(TestMethodWorker.java:128)
at java.util.ArrayList.forEach(Unknown Source)
at org.testng.TestRunner.privateRun(TestRunner.java:770)
at org.testng.TestRunner.run(TestRunner.java:591)
at org.testng.SuiteRunner.runTest(SuiteRunner.java:402)
at org.testng.SuiteRunner.runSequentially(SuiteRunner.java:396)
at org.testng.SuiteRunner.privateRun(SuiteRunner.java:355)
at org.testng.SuiteRunner.run(SuiteRunner.java:304)
at org.testng.SuiteRunnerWorker.runSuite(SuiteRunnerWorker.java:53)
at org.testng.SuiteRunnerWorker.run(SuiteRunnerWorker.java:96)
at org.testng.TestNG.runSuitesSequentially(TestNG.java:1180)
at org.testng.TestNG.runSuitesLocally(TestNG.java:1102)
at org.testng.TestNG.runSuites(TestNG.java:1032)
at org.testng.TestNG.run(TestNG.java:1000)
at org.testng.remote.AbstractRemoteTestNG.run(AbstractRemoteTestNG.java:115)
at org.testng.remote.RemoteTestNG.initAndRun(RemoteTestNG.java:251)
at org.testng.remote.RemoteTestNG.main(RemoteTestNG.java:77)
]]>
            </full-stacktrace>
          </exception> <!-- org.openqa.selenium.NoSuchElementException -->
          <reporter-output>
          </reporter-output>
        </test-method> <!-- validateBlog -->
        <test-method status="FAIL" signature="clickSumit()[pri:23, instance:com.atmecs.script.FinalBlogScript@53f65459]" name="clickSumit" duration-ms="30095" started-at="2019-09-30T20:14:48 IST" finished-at="2019-09-30T20:15:18 IST">
          <exception class="org.openqa.selenium.NoSuchElementException">
            <message>
              <![CDATA[Unable to locate element: //input[contains(@id,'submit')]
For documentation on this error, please visit: https://www.seleniumhq.org/exceptions/no_such_element.html
Build info: version: '4.0.0-alpha-2', revision: 'f148142cf8', time: '2019-07-01T20:55:26'
System info: host: 'ATMECSINLT-283', ip: '55.55.52.215', os.name: 'Windows 10', os.arch: 'amd64', os.version: '10.0', java.version: '1.8.0_221'
Driver info: org.openqa.selenium.firefox.FirefoxDriver
Capabilities {acceptInsecureCerts: true, browserName: firefox, browserVersion: 69.0.1, javascriptEnabled: true, moz:accessibilityChecks: false, moz:buildID: 20190917135527, moz:geckodriverVersion: 0.24.0, moz:headless: false, moz:processID: 13020, moz:profile: C:\Users\mohit.jaiswal\AppD..., moz:shutdownTimeout: 60000, moz:useNonSpecCompliantPointerOrigin: false, moz:webdriverClick: true, pageLoadStrategy: normal, platform: WINDOWS, platformName: WINDOWS, platformVersion: 10.0, rotatable: false, setWindowRect: true, strictFileInteractability: false, timeouts: {implicit: 0, pageLoad: 300000, script: 30000}, unhandledPromptBehavior: dismiss and notify}
Session ID: db7f8e03-75ee-4118-9dc5-1e5665ea17b6
*** Element info: {Using=xpath, value=//input[contains(@id,'submit')]}]]>
            </message>
            <full-stacktrace>
              <![CDATA[org.openqa.selenium.NoSuchElementException: Unable to locate element: //input[contains(@id,'submit')]
For documentation on this error, please visit: https://www.seleniumhq.org/exceptions/no_such_element.html
Build info: version: '4.0.0-alpha-2', revision: 'f148142cf8', time: '2019-07-01T20:55:26'
System info: host: 'ATMECSINLT-283', ip: '55.55.52.215', os.name: 'Windows 10', os.arch: 'amd64', os.version: '10.0', java.version: '1.8.0_221'
Driver info: org.openqa.selenium.firefox.FirefoxDriver
Capabilities {acceptInsecureCerts: true, browserName: firefox, browserVersion: 69.0.1, javascriptEnabled: true, moz:accessibilityChecks: false, moz:buildID: 20190917135527, moz:geckodriverVersion: 0.24.0, moz:headless: false, moz:processID: 13020, moz:profile: C:\Users\mohit.jaiswal\AppD..., moz:shutdownTimeout: 60000, moz:useNonSpecCompliantPointerOrigin: false, moz:webdriverClick: true, pageLoadStrategy: normal, platform: WINDOWS, platformName: WINDOWS, platformVersion: 10.0, rotatable: false, setWindowRect: true, strictFileInteractability: false, timeouts: {implicit: 0, pageLoad: 300000, script: 30000}, unhandledPromptBehavior: dismiss and notify}
Session ID: db7f8e03-75ee-4118-9dc5-1e5665ea17b6
*** Element info: {Using=xpath, value=//input[contains(@id,'submit')]}
at sun.reflect.NativeConstructorAccessorImpl.newInstance0(Native Method)
at sun.reflect.NativeConstructorAccessorImpl.newInstance(Unknown Source)
at sun.reflect.DelegatingConstructorAccessorImpl.newInstance(Unknown Source)
at java.lang.reflect.Constructor.newInstance(Unknown Source)
at org.openqa.selenium.remote.codec.w3c.W3CHttpResponseCodec.createException(W3CHttpResponseCodec.java:191)
at org.openqa.selenium.remote.codec.w3c.W3CHttpResponseCodec.decode(W3CHttpResponseCodec.java:125)
at org.openqa.selenium.remote.codec.w3c.W3CHttpResponseCodec.decode(W3CHttpResponseCodec.java:52)
at org.openqa.selenium.remote.HttpCommandExecutor.execute(HttpCommandExecutor.java:161)
at org.openqa.selenium.remote.service.DriverCommandExecutor.execute(DriverCommandExecutor.java:83)
at org.openqa.selenium.remote.RemoteWebDriver.execute(RemoteWebDriver.java:576)
at org.openqa.selenium.remote.RemoteWebDriver.findElement(RemoteWebDriver.java:327)
at org.openqa.selenium.remote.RemoteWebDriver.findElementByXPath(RemoteWebDriver.java:445)
at org.openqa.selenium.By$ByXPath.findElement(By.java:353)
at org.openqa.selenium.remote.RemoteWebDriver.findElement(RemoteWebDriver.java:319)
at com.atmecs.helper.CommonUtility$1.apply(CommonUtility.java:35)
at com.atmecs.helper.CommonUtility$1.apply(CommonUtility.java:1)
at org.openqa.selenium.support.ui.FluentWait.until(FluentWait.java:211)
at com.atmecs.helper.CommonUtility.clickElement(CommonUtility.java:33)
at com.atmecs.pages.BlogPages.clickSubmit(BlogPages.java:46)
at com.atmecs.script.FinalBlogScript.clickSumit(FinalBlogScript.java:35)
at sun.reflect.NativeMethodAccessorImpl.invoke0(Native Method)
at sun.reflect.NativeMethodAccessorImpl.invoke(Unknown Source)
at sun.reflect.DelegatingMethodAccessorImpl.invoke(Unknown Source)
at java.lang.reflect.Method.invoke(Unknown Source)
at org.testng.internal.MethodInvocationHelper.invokeMethod(MethodInvocationHelper.java:133)
at org.testng.internal.TestInvoker.invokeMethod(TestInvoker.java:584)
at org.testng.internal.TestInvoker.invokeTestMethod(TestInvoker.java:172)
at org.testng.internal.MethodRunner.runInSequence(MethodRunner.java:46)
at org.testng.internal.TestInvoker$MethodInvocationAgent.invoke(TestInvoker.java:804)
at org.testng.internal.TestInvoker.invokeTestMethods(TestInvoker.java:145)
at org.testng.internal.TestMethodWorker.invokeTestMethods(TestMethodWorker.java:146)
at org.testng.internal.TestMethodWorker.run(TestMethodWorker.java:128)
at java.util.ArrayList.forEach(Unknown Source)
at org.testng.TestRunner.privateRun(TestRunner.java:770)
at org.testng.TestRunner.run(TestRunner.java:591)
at org.testng.SuiteRunner.runTest(SuiteRunner.java:402)
at org.testng.SuiteRunner.runSequentially(SuiteRunner.java:396)
at org.testng.SuiteRunner.privateRun(SuiteRunner.java:355)
at org.testng.SuiteRunner.run(SuiteRunner.java:304)
at org.testng.SuiteRunnerWorker.runSuite(SuiteRunnerWorker.java:53)
at org.testng.SuiteRunnerWorker.run(SuiteRunnerWorker.java:96)
at org.testng.TestNG.runSuitesSequentially(TestNG.java:1180)
at org.testng.TestNG.runSuitesLocally(TestNG.java:1102)
at org.testng.TestNG.runSuites(TestNG.java:1032)
at org.testng.TestNG.run(TestNG.java:1000)
at org.testng.remote.AbstractRemoteTestNG.run(AbstractRemoteTestNG.java:115)
at org.testng.remote.RemoteTestNG.initAndRun(RemoteTestNG.java:251)
at org.testng.remote.RemoteTestNG.main(RemoteTestNG.java:77)
]]>
            </full-stacktrace>
          </exception> <!-- org.openqa.selenium.NoSuchElementException -->
          <reporter-output>
          </reporter-output>
        </test-method> <!-- clickSumit -->
      </class> <!-- com.atmecs.script.FinalBlogScript -->
      <class name="com.atmecs.script.InsightCarrerContactScript">
        <test-method status="PASS" signature="clickOnServices()[pri:5, instance:com.atmecs.script.InsightCarrerContactScript@1e965684]" name="clickOnServices" duration-ms="7340" started-at="2019-09-30T20:14:03 IST" finished-at="2019-09-30T20:14:11 IST">
          <reporter-output>
          </reporter-output>
        </test-method> <!-- clickOnServices -->
        <test-method status="PASS" signature="servicesFooterValidate(java.lang.String)[pri:6, instance:com.atmecs.script.InsightCarrerContactScript@1e965684]" name="servicesFooterValidate" duration-ms="63" started-at="2019-09-30T20:14:11 IST" data-provider="testdata1" finished-at="2019-09-30T20:14:11 IST">
          <params>
            <param index="0">
              <value>
                <![CDATA[Home]]>
              </value>
            </param>
          </params>
          <reporter-output>
          </reporter-output>
        </test-method> <!-- servicesFooterValidate -->
        <test-method status="PASS" signature="servicesFooterValidate(java.lang.String)[pri:6, instance:com.atmecs.script.InsightCarrerContactScript@1e965684]" name="servicesFooterValidate" duration-ms="76" started-at="2019-09-30T20:14:11 IST" data-provider="testdata1" finished-at="2019-09-30T20:14:11 IST">
          <params>
            <param index="0">
              <value>
                <![CDATA[About Us]]>
              </value>
            </param>
          </params>
          <reporter-output>
          </reporter-output>
        </test-method> <!-- servicesFooterValidate -->
        <test-method status="PASS" signature="servicesFooterValidate(java.lang.String)[pri:6, instance:com.atmecs.script.InsightCarrerContactScript@1e965684]" name="servicesFooterValidate" duration-ms="36" started-at="2019-09-30T20:14:11 IST" data-provider="testdata1" finished-at="2019-09-30T20:14:11 IST">
          <params>
            <param index="0">
              <value>
                <![CDATA[Services]]>
              </value>
            </param>
          </params>
          <reporter-output>
          </reporter-output>
        </test-method> <!-- servicesFooterValidate -->
        <test-method status="PASS" signature="servicesFooterValidate(java.lang.String)[pri:6, instance:com.atmecs.script.InsightCarrerContactScript@1e965684]" name="servicesFooterValidate" duration-ms="30" started-at="2019-09-30T20:14:11 IST" data-provider="testdata1" finished-at="2019-09-30T20:14:11 IST">
          <params>
            <param index="0">
              <value>
                <![CDATA[Partners]]>
              </value>
            </param>
          </params>
          <reporter-output>
          </reporter-output>
        </test-method> <!-- servicesFooterValidate -->
        <test-method status="PASS" signature="servicesFooterValidate(java.lang.String)[pri:6, instance:com.atmecs.script.InsightCarrerContactScript@1e965684]" name="servicesFooterValidate" duration-ms="37" started-at="2019-09-30T20:14:11 IST" data-provider="testdata1" finished-at="2019-09-30T20:14:11 IST">
          <params>
            <param index="0">
              <value>
                <![CDATA[Case Studies old]]>
              </value>
            </param>
          </params>
          <reporter-output>
          </reporter-output>
        </test-method> <!-- servicesFooterValidate -->
        <test-method status="PASS" signature="servicesFooterValidate(java.lang.String)[pri:6, instance:com.atmecs.script.InsightCarrerContactScript@1e965684]" name="servicesFooterValidate" duration-ms="41" started-at="2019-09-30T20:14:11 IST" data-provider="testdata1" finished-at="2019-09-30T20:14:11 IST">
          <params>
            <param index="0">
              <value>
                <![CDATA[Careers]]>
              </value>
            </param>
          </params>
          <reporter-output>
          </reporter-output>
        </test-method> <!-- servicesFooterValidate -->
        <test-method status="PASS" signature="servicesFooterValidate(java.lang.String)[pri:6, instance:com.atmecs.script.InsightCarrerContactScript@1e965684]" name="servicesFooterValidate" duration-ms="40" started-at="2019-09-30T20:14:11 IST" data-provider="testdata1" finished-at="2019-09-30T20:14:11 IST">
          <params>
            <param index="0">
              <value>
                <![CDATA[Contact Us]]>
              </value>
            </param>
          </params>
          <reporter-output>
          </reporter-output>
        </test-method> <!-- servicesFooterValidate -->
        <test-method status="PASS" signature="servicesFooterValidate(java.lang.String)[pri:6, instance:com.atmecs.script.InsightCarrerContactScript@1e965684]" name="servicesFooterValidate" duration-ms="28" started-at="2019-09-30T20:14:11 IST" data-provider="testdata1" finished-at="2019-09-30T20:14:11 IST">
          <params>
            <param index="0">
              <value>
                <![CDATA[Services]]>
              </value>
            </param>
          </params>
          <reporter-output>
          </reporter-output>
        </test-method> <!-- servicesFooterValidate -->
        <test-method status="PASS" signature="servicesFooterValidate(java.lang.String)[pri:6, instance:com.atmecs.script.InsightCarrerContactScript@1e965684]" name="servicesFooterValidate" duration-ms="29" started-at="2019-09-30T20:14:11 IST" data-provider="testdata1" finished-at="2019-09-30T20:14:11 IST">
          <params>
            <param index="0">
              <value>
                <![CDATA[Careers]]>
              </value>
            </param>
          </params>
          <reporter-output>
          </reporter-output>
        </test-method> <!-- servicesFooterValidate -->
        <test-method status="PASS" signature="servicesFooterValidate(java.lang.String)[pri:6, instance:com.atmecs.script.InsightCarrerContactScript@1e965684]" name="servicesFooterValidate" duration-ms="38" started-at="2019-09-30T20:14:11 IST" data-provider="testdata1" finished-at="2019-09-30T20:14:11 IST">
          <params>
            <param index="0">
              <value>
                <![CDATA[Automation Engineer]]>
              </value>
            </param>
          </params>
          <reporter-output>
          </reporter-output>
        </test-method> <!-- servicesFooterValidate -->
        <test-method status="PASS" signature="servicesFooterValidate(java.lang.String)[pri:6, instance:com.atmecs.script.InsightCarrerContactScript@1e965684]" name="servicesFooterValidate" duration-ms="42" started-at="2019-09-30T20:14:11 IST" data-provider="testdata1" finished-at="2019-09-30T20:14:11 IST">
          <params>
            <param index="0">
              <value>
                <![CDATA[DevOps Engineer]]>
              </value>
            </param>
          </params>
          <reporter-output>
          </reporter-output>
        </test-method> <!-- servicesFooterValidate -->
        <test-method status="PASS" signature="servicesFooterValidate(java.lang.String)[pri:6, instance:com.atmecs.script.InsightCarrerContactScript@1e965684]" name="servicesFooterValidate" duration-ms="38" started-at="2019-09-30T20:14:11 IST" data-provider="testdata1" finished-at="2019-09-30T20:14:11 IST">
          <params>
            <param index="0">
              <value>
                <![CDATA[Senior .NET Engineer]]>
              </value>
            </param>
          </params>
          <reporter-output>
          </reporter-output>
        </test-method> <!-- servicesFooterValidate -->
        <test-method status="PASS" signature="servicesFooterValidate(java.lang.String)[pri:6, instance:com.atmecs.script.InsightCarrerContactScript@1e965684]" name="servicesFooterValidate" duration-ms="38" started-at="2019-09-30T20:14:11 IST" data-provider="testdata1" finished-at="2019-09-30T20:14:11 IST">
          <params>
            <param index="0">
              <value>
                <![CDATA[Senior Java/J2EE Engineer]]>
              </value>
            </param>
          </params>
          <reporter-output>
          </reporter-output>
        </test-method> <!-- servicesFooterValidate -->
        <test-method status="PASS" signature="servicesFooterValidate(java.lang.String)[pri:6, instance:com.atmecs.script.InsightCarrerContactScript@1e965684]" name="servicesFooterValidate" duration-ms="27" started-at="2019-09-30T20:14:11 IST" data-provider="testdata1" finished-at="2019-09-30T20:14:11 IST">
          <params>
            <param index="0">
              <value>
                <![CDATA[Contact Us]]>
              </value>
            </param>
          </params>
          <reporter-output>
          </reporter-output>
        </test-method> <!-- servicesFooterValidate -->
        <test-method status="PASS" signature="servicesFooterValidate(java.lang.String)[pri:6, instance:com.atmecs.script.InsightCarrerContactScript@1e965684]" name="servicesFooterValidate" duration-ms="34" started-at="2019-09-30T20:14:11 IST" data-provider="testdata1" finished-at="2019-09-30T20:14:11 IST">
          <params>
            <param index="0">
              <value>
                <![CDATA[US Headquarters]]>
              </value>
            </param>
          </params>
          <reporter-output>
          </reporter-output>
        </test-method> <!-- servicesFooterValidate -->
        <test-method status="PASS" signature="servicesFooterValidate(java.lang.String)[pri:6, instance:com.atmecs.script.InsightCarrerContactScript@1e965684]" name="servicesFooterValidate" duration-ms="36" started-at="2019-09-30T20:14:11 IST" data-provider="testdata1" finished-at="2019-09-30T20:14:11 IST">
          <params>
            <param index="0">
              <value>
                <![CDATA[US R&D Center]]>
              </value>
            </param>
          </params>
          <reporter-output>
          </reporter-output>
        </test-method> <!-- servicesFooterValidate -->
        <test-method status="PASS" signature="servicesFooterValidate(java.lang.String)[pri:6, instance:com.atmecs.script.InsightCarrerContactScript@1e965684]" name="servicesFooterValidate" duration-ms="38" started-at="2019-09-30T20:14:11 IST" data-provider="testdata1" finished-at="2019-09-30T20:14:11 IST">
          <params>
            <param index="0">
              <value>
                <![CDATA[India  Hyderabad]]>
              </value>
            </param>
          </params>
          <reporter-output>
          </reporter-output>
        </test-method> <!-- servicesFooterValidate -->
        <test-method status="PASS" signature="servicesFooterValidate(java.lang.String)[pri:6, instance:com.atmecs.script.InsightCarrerContactScript@1e965684]" name="servicesFooterValidate" duration-ms="34" started-at="2019-09-30T20:14:11 IST" data-provider="testdata1" finished-at="2019-09-30T20:14:12 IST">
          <params>
            <param index="0">
              <value>
                <![CDATA[India  Bangalore]]>
              </value>
            </param>
          </params>
          <reporter-output>
          </reporter-output>
        </test-method> <!-- servicesFooterValidate -->
        <test-method status="PASS" signature="servicesFooterValidate(java.lang.String)[pri:6, instance:com.atmecs.script.InsightCarrerContactScript@1e965684]" name="servicesFooterValidate" duration-ms="36" started-at="2019-09-30T20:14:12 IST" data-provider="testdata1" finished-at="2019-09-30T20:14:12 IST">
          <params>
            <param index="0">
              <value>
                <![CDATA[India  Chennai]]>
              </value>
            </param>
          </params>
          <reporter-output>
          </reporter-output>
        </test-method> <!-- servicesFooterValidate -->
        <test-method status="PASS" signature="servicesFooterValidate(java.lang.String)[pri:6, instance:com.atmecs.script.InsightCarrerContactScript@1e965684]" name="servicesFooterValidate" duration-ms="31" started-at="2019-09-30T20:14:12 IST" data-provider="testdata1" finished-at="2019-09-30T20:14:12 IST">
          <params>
            <param index="0">
              <value>
                <![CDATA[info@atmecs.com]]>
              </value>
            </param>
          </params>
          <reporter-output>
          </reporter-output>
        </test-method> <!-- servicesFooterValidate -->
        <test-method status="PASS" signature="servicesFooterValidate(java.lang.String)[pri:6, instance:com.atmecs.script.InsightCarrerContactScript@1e965684]" name="servicesFooterValidate" duration-ms="31" started-at="2019-09-30T20:14:12 IST" data-provider="testdata1" finished-at="2019-09-30T20:14:12 IST">
          <params>
            <param index="0">
              <value>
                <![CDATA[Europe  Ireland]]>
              </value>
            </param>
          </params>
          <reporter-output>
          </reporter-output>
        </test-method> <!-- servicesFooterValidate -->
        <test-method status="PASS" signature="clickOnPartner()[pri:7, instance:com.atmecs.script.InsightCarrerContactScript@1e965684]" name="clickOnPartner" duration-ms="3195" started-at="2019-09-30T20:14:12 IST" finished-at="2019-09-30T20:14:15 IST">
          <reporter-output>
          </reporter-output>
        </test-method> <!-- clickOnPartner -->
        <test-method status="PASS" signature="partnerValidate(java.lang.String)[pri:8, instance:com.atmecs.script.InsightCarrerContactScript@1e965684]" name="partnerValidate" duration-ms="48" started-at="2019-09-30T20:14:15 IST" data-provider="testdata1" finished-at="2019-09-30T20:14:15 IST">
          <params>
            <param index="0">
              <value>
                <![CDATA[Home]]>
              </value>
            </param>
          </params>
          <reporter-output>
          </reporter-output>
        </test-method> <!-- partnerValidate -->
        <test-method status="PASS" signature="partnerValidate(java.lang.String)[pri:8, instance:com.atmecs.script.InsightCarrerContactScript@1e965684]" name="partnerValidate" duration-ms="42" started-at="2019-09-30T20:14:15 IST" data-provider="testdata1" finished-at="2019-09-30T20:14:15 IST">
          <params>
            <param index="0">
              <value>
                <![CDATA[About Us]]>
              </value>
            </param>
          </params>
          <reporter-output>
          </reporter-output>
        </test-method> <!-- partnerValidate -->
        <test-method status="PASS" signature="partnerValidate(java.lang.String)[pri:8, instance:com.atmecs.script.InsightCarrerContactScript@1e965684]" name="partnerValidate" duration-ms="36" started-at="2019-09-30T20:14:15 IST" data-provider="testdata1" finished-at="2019-09-30T20:14:15 IST">
          <params>
            <param index="0">
              <value>
                <![CDATA[Services]]>
              </value>
            </param>
          </params>
          <reporter-output>
          </reporter-output>
        </test-method> <!-- partnerValidate -->
        <test-method status="PASS" signature="partnerValidate(java.lang.String)[pri:8, instance:com.atmecs.script.InsightCarrerContactScript@1e965684]" name="partnerValidate" duration-ms="35" started-at="2019-09-30T20:14:15 IST" data-provider="testdata1" finished-at="2019-09-30T20:14:15 IST">
          <params>
            <param index="0">
              <value>
                <![CDATA[Partners]]>
              </value>
            </param>
          </params>
          <reporter-output>
          </reporter-output>
        </test-method> <!-- partnerValidate -->
        <test-method status="PASS" signature="partnerValidate(java.lang.String)[pri:8, instance:com.atmecs.script.InsightCarrerContactScript@1e965684]" name="partnerValidate" duration-ms="31" started-at="2019-09-30T20:14:15 IST" data-provider="testdata1" finished-at="2019-09-30T20:14:15 IST">
          <params>
            <param index="0">
              <value>
                <![CDATA[Case Studies old]]>
              </value>
            </param>
          </params>
          <reporter-output>
          </reporter-output>
        </test-method> <!-- partnerValidate -->
        <test-method status="PASS" signature="partnerValidate(java.lang.String)[pri:8, instance:com.atmecs.script.InsightCarrerContactScript@1e965684]" name="partnerValidate" duration-ms="33" started-at="2019-09-30T20:14:15 IST" data-provider="testdata1" finished-at="2019-09-30T20:14:15 IST">
          <params>
            <param index="0">
              <value>
                <![CDATA[Careers]]>
              </value>
            </param>
          </params>
          <reporter-output>
          </reporter-output>
        </test-method> <!-- partnerValidate -->
        <test-method status="PASS" signature="partnerValidate(java.lang.String)[pri:8, instance:com.atmecs.script.InsightCarrerContactScript@1e965684]" name="partnerValidate" duration-ms="32" started-at="2019-09-30T20:14:15 IST" data-provider="testdata1" finished-at="2019-09-30T20:14:15 IST">
          <params>
            <param index="0">
              <value>
                <![CDATA[Contact Us]]>
              </value>
            </param>
          </params>
          <reporter-output>
          </reporter-output>
        </test-method> <!-- partnerValidate -->
        <test-method status="PASS" signature="partnerValidate(java.lang.String)[pri:8, instance:com.atmecs.script.InsightCarrerContactScript@1e965684]" name="partnerValidate" duration-ms="26" started-at="2019-09-30T20:14:15 IST" data-provider="testdata1" finished-at="2019-09-30T20:14:15 IST">
          <params>
            <param index="0">
              <value>
                <![CDATA[Services]]>
              </value>
            </param>
          </params>
          <reporter-output>
          </reporter-output>
        </test-method> <!-- partnerValidate -->
        <test-method status="PASS" signature="partnerValidate(java.lang.String)[pri:8, instance:com.atmecs.script.InsightCarrerContactScript@1e965684]" name="partnerValidate" duration-ms="25" started-at="2019-09-30T20:14:15 IST" data-provider="testdata1" finished-at="2019-09-30T20:14:15 IST">
          <params>
            <param index="0">
              <value>
                <![CDATA[Careers]]>
              </value>
            </param>
          </params>
          <reporter-output>
          </reporter-output>
        </test-method> <!-- partnerValidate -->
        <test-method status="PASS" signature="partnerValidate(java.lang.String)[pri:8, instance:com.atmecs.script.InsightCarrerContactScript@1e965684]" name="partnerValidate" duration-ms="34" started-at="2019-09-30T20:14:15 IST" data-provider="testdata1" finished-at="2019-09-30T20:14:15 IST">
          <params>
            <param index="0">
              <value>
                <![CDATA[Automation Engineer]]>
              </value>
            </param>
          </params>
          <reporter-output>
          </reporter-output>
        </test-method> <!-- partnerValidate -->
        <test-method status="PASS" signature="partnerValidate(java.lang.String)[pri:8, instance:com.atmecs.script.InsightCarrerContactScript@1e965684]" name="partnerValidate" duration-ms="50" started-at="2019-09-30T20:14:15 IST" data-provider="testdata1" finished-at="2019-09-30T20:14:15 IST">
          <params>
            <param index="0">
              <value>
                <![CDATA[DevOps Engineer]]>
              </value>
            </param>
          </params>
          <reporter-output>
          </reporter-output>
        </test-method> <!-- partnerValidate -->
        <test-method status="PASS" signature="partnerValidate(java.lang.String)[pri:8, instance:com.atmecs.script.InsightCarrerContactScript@1e965684]" name="partnerValidate" duration-ms="36" started-at="2019-09-30T20:14:15 IST" data-provider="testdata1" finished-at="2019-09-30T20:14:15 IST">
          <params>
            <param index="0">
              <value>
                <![CDATA[Senior .NET Engineer]]>
              </value>
            </param>
          </params>
          <reporter-output>
          </reporter-output>
        </test-method> <!-- partnerValidate -->
        <test-method status="PASS" signature="partnerValidate(java.lang.String)[pri:8, instance:com.atmecs.script.InsightCarrerContactScript@1e965684]" name="partnerValidate" duration-ms="34" started-at="2019-09-30T20:14:15 IST" data-provider="testdata1" finished-at="2019-09-30T20:14:15 IST">
          <params>
            <param index="0">
              <value>
                <![CDATA[Senior Java/J2EE Engineer]]>
              </value>
            </param>
          </params>
          <reporter-output>
          </reporter-output>
        </test-method> <!-- partnerValidate -->
        <test-method status="PASS" signature="partnerValidate(java.lang.String)[pri:8, instance:com.atmecs.script.InsightCarrerContactScript@1e965684]" name="partnerValidate" duration-ms="25" started-at="2019-09-30T20:14:15 IST" data-provider="testdata1" finished-at="2019-09-30T20:14:15 IST">
          <params>
            <param index="0">
              <value>
                <![CDATA[Contact Us]]>
              </value>
            </param>
          </params>
          <reporter-output>
          </reporter-output>
        </test-method> <!-- partnerValidate -->
        <test-method status="PASS" signature="partnerValidate(java.lang.String)[pri:8, instance:com.atmecs.script.InsightCarrerContactScript@1e965684]" name="partnerValidate" duration-ms="34" started-at="2019-09-30T20:14:15 IST" data-provider="testdata1" finished-at="2019-09-30T20:14:15 IST">
          <params>
            <param index="0">
              <value>
                <![CDATA[US Headquarters]]>
              </value>
            </param>
          </params>
          <reporter-output>
          </reporter-output>
        </test-method> <!-- partnerValidate -->
        <test-method status="PASS" signature="partnerValidate(java.lang.String)[pri:8, instance:com.atmecs.script.InsightCarrerContactScript@1e965684]" name="partnerValidate" duration-ms="37" started-at="2019-09-30T20:14:15 IST" data-provider="testdata1" finished-at="2019-09-30T20:14:15 IST">
          <params>
            <param index="0">
              <value>
                <![CDATA[US R&D Center]]>
              </value>
            </param>
          </params>
          <reporter-output>
          </reporter-output>
        </test-method> <!-- partnerValidate -->
        <test-method status="PASS" signature="partnerValidate(java.lang.String)[pri:8, instance:com.atmecs.script.InsightCarrerContactScript@1e965684]" name="partnerValidate" duration-ms="32" started-at="2019-09-30T20:14:15 IST" data-provider="testdata1" finished-at="2019-09-30T20:14:15 IST">
          <params>
            <param index="0">
              <value>
                <![CDATA[India  Hyderabad]]>
              </value>
            </param>
          </params>
          <reporter-output>
          </reporter-output>
        </test-method> <!-- partnerValidate -->
        <test-method status="PASS" signature="partnerValidate(java.lang.String)[pri:8, instance:com.atmecs.script.InsightCarrerContactScript@1e965684]" name="partnerValidate" duration-ms="31" started-at="2019-09-30T20:14:15 IST" data-provider="testdata1" finished-at="2019-09-30T20:14:15 IST">
          <params>
            <param index="0">
              <value>
                <![CDATA[India  Bangalore]]>
              </value>
            </param>
          </params>
          <reporter-output>
          </reporter-output>
        </test-method> <!-- partnerValidate -->
        <test-method status="PASS" signature="partnerValidate(java.lang.String)[pri:8, instance:com.atmecs.script.InsightCarrerContactScript@1e965684]" name="partnerValidate" duration-ms="31" started-at="2019-09-30T20:14:15 IST" data-provider="testdata1" finished-at="2019-09-30T20:14:16 IST">
          <params>
            <param index="0">
              <value>
                <![CDATA[India  Chennai]]>
              </value>
            </param>
          </params>
          <reporter-output>
          </reporter-output>
        </test-method> <!-- partnerValidate -->
        <test-method status="PASS" signature="partnerValidate(java.lang.String)[pri:8, instance:com.atmecs.script.InsightCarrerContactScript@1e965684]" name="partnerValidate" duration-ms="33" started-at="2019-09-30T20:14:16 IST" data-provider="testdata1" finished-at="2019-09-30T20:14:16 IST">
          <params>
            <param index="0">
              <value>
                <![CDATA[info@atmecs.com]]>
              </value>
            </param>
          </params>
          <reporter-output>
          </reporter-output>
        </test-method> <!-- partnerValidate -->
        <test-method status="PASS" signature="partnerValidate(java.lang.String)[pri:8, instance:com.atmecs.script.InsightCarrerContactScript@1e965684]" name="partnerValidate" duration-ms="33" started-at="2019-09-30T20:14:16 IST" data-provider="testdata1" finished-at="2019-09-30T20:14:16 IST">
          <params>
            <param index="0">
              <value>
                <![CDATA[Europe  Ireland]]>
              </value>
            </param>
          </params>
          <reporter-output>
          </reporter-output>
        </test-method> <!-- partnerValidate -->
        <test-method status="PASS" signature="clickOnMedia()[pri:9, instance:com.atmecs.script.InsightCarrerContactScript@1e965684]" name="clickOnMedia" duration-ms="68" started-at="2019-09-30T20:14:16 IST" finished-at="2019-09-30T20:14:16 IST">
          <reporter-output>
          </reporter-output>
        </test-method> <!-- clickOnMedia -->
        <test-method status="PASS" signature="mediaValidate(java.lang.String)[pri:10, instance:com.atmecs.script.InsightCarrerContactScript@1e965684]" name="mediaValidate" duration-ms="28" started-at="2019-09-30T20:14:16 IST" data-provider="testdata1" finished-at="2019-09-30T20:14:16 IST">
          <params>
            <param index="0">
              <value>
                <![CDATA[Home]]>
              </value>
            </param>
          </params>
          <reporter-output>
          </reporter-output>
        </test-method> <!-- mediaValidate -->
        <test-method status="PASS" signature="mediaValidate(java.lang.String)[pri:10, instance:com.atmecs.script.InsightCarrerContactScript@1e965684]" name="mediaValidate" duration-ms="23" started-at="2019-09-30T20:14:16 IST" data-provider="testdata1" finished-at="2019-09-30T20:14:16 IST">
          <params>
            <param index="0">
              <value>
                <![CDATA[About Us]]>
              </value>
            </param>
          </params>
          <reporter-output>
          </reporter-output>
        </test-method> <!-- mediaValidate -->
        <test-method status="PASS" signature="mediaValidate(java.lang.String)[pri:10, instance:com.atmecs.script.InsightCarrerContactScript@1e965684]" name="mediaValidate" duration-ms="22" started-at="2019-09-30T20:14:16 IST" data-provider="testdata1" finished-at="2019-09-30T20:14:16 IST">
          <params>
            <param index="0">
              <value>
                <![CDATA[Services]]>
              </value>
            </param>
          </params>
          <reporter-output>
          </reporter-output>
        </test-method> <!-- mediaValidate -->
        <test-method status="PASS" signature="mediaValidate(java.lang.String)[pri:10, instance:com.atmecs.script.InsightCarrerContactScript@1e965684]" name="mediaValidate" duration-ms="23" started-at="2019-09-30T20:14:16 IST" data-provider="testdata1" finished-at="2019-09-30T20:14:16 IST">
          <params>
            <param index="0">
              <value>
                <![CDATA[Partners]]>
              </value>
            </param>
          </params>
          <reporter-output>
          </reporter-output>
        </test-method> <!-- mediaValidate -->
        <test-method status="PASS" signature="mediaValidate(java.lang.String)[pri:10, instance:com.atmecs.script.InsightCarrerContactScript@1e965684]" name="mediaValidate" duration-ms="27" started-at="2019-09-30T20:14:16 IST" data-provider="testdata1" finished-at="2019-09-30T20:14:16 IST">
          <params>
            <param index="0">
              <value>
                <![CDATA[Case Studies old]]>
              </value>
            </param>
          </params>
          <reporter-output>
          </reporter-output>
        </test-method> <!-- mediaValidate -->
        <test-method status="PASS" signature="mediaValidate(java.lang.String)[pri:10, instance:com.atmecs.script.InsightCarrerContactScript@1e965684]" name="mediaValidate" duration-ms="26" started-at="2019-09-30T20:14:16 IST" data-provider="testdata1" finished-at="2019-09-30T20:14:16 IST">
          <params>
            <param index="0">
              <value>
                <![CDATA[Careers]]>
              </value>
            </param>
          </params>
          <reporter-output>
          </reporter-output>
        </test-method> <!-- mediaValidate -->
        <test-method status="PASS" signature="mediaValidate(java.lang.String)[pri:10, instance:com.atmecs.script.InsightCarrerContactScript@1e965684]" name="mediaValidate" duration-ms="26" started-at="2019-09-30T20:14:16 IST" data-provider="testdata1" finished-at="2019-09-30T20:14:16 IST">
          <params>
            <param index="0">
              <value>
                <![CDATA[Contact Us]]>
              </value>
            </param>
          </params>
          <reporter-output>
          </reporter-output>
        </test-method> <!-- mediaValidate -->
        <test-method status="PASS" signature="mediaValidate(java.lang.String)[pri:10, instance:com.atmecs.script.InsightCarrerContactScript@1e965684]" name="mediaValidate" duration-ms="24" started-at="2019-09-30T20:14:16 IST" data-provider="testdata1" finished-at="2019-09-30T20:14:16 IST">
          <params>
            <param index="0">
              <value>
                <![CDATA[Services]]>
              </value>
            </param>
          </params>
          <reporter-output>
          </reporter-output>
        </test-method> <!-- mediaValidate -->
        <test-method status="PASS" signature="mediaValidate(java.lang.String)[pri:10, instance:com.atmecs.script.InsightCarrerContactScript@1e965684]" name="mediaValidate" duration-ms="24" started-at="2019-09-30T20:14:16 IST" data-provider="testdata1" finished-at="2019-09-30T20:14:16 IST">
          <params>
            <param index="0">
              <value>
                <![CDATA[Careers]]>
              </value>
            </param>
          </params>
          <reporter-output>
          </reporter-output>
        </test-method> <!-- mediaValidate -->
        <test-method status="PASS" signature="mediaValidate(java.lang.String)[pri:10, instance:com.atmecs.script.InsightCarrerContactScript@1e965684]" name="mediaValidate" duration-ms="52" started-at="2019-09-30T20:14:16 IST" data-provider="testdata1" finished-at="2019-09-30T20:14:16 IST">
          <params>
            <param index="0">
              <value>
                <![CDATA[Automation Engineer]]>
              </value>
            </param>
          </params>
          <reporter-output>
          </reporter-output>
        </test-method> <!-- mediaValidate -->
        <test-method status="PASS" signature="mediaValidate(java.lang.String)[pri:10, instance:com.atmecs.script.InsightCarrerContactScript@1e965684]" name="mediaValidate" duration-ms="27" started-at="2019-09-30T20:14:16 IST" data-provider="testdata1" finished-at="2019-09-30T20:14:16 IST">
          <params>
            <param index="0">
              <value>
                <![CDATA[DevOps Engineer]]>
              </value>
            </param>
          </params>
          <reporter-output>
          </reporter-output>
        </test-method> <!-- mediaValidate -->
        <test-method status="PASS" signature="mediaValidate(java.lang.String)[pri:10, instance:com.atmecs.script.InsightCarrerContactScript@1e965684]" name="mediaValidate" duration-ms="28" started-at="2019-09-30T20:14:16 IST" data-provider="testdata1" finished-at="2019-09-30T20:14:16 IST">
          <params>
            <param index="0">
              <value>
                <![CDATA[Senior .NET Engineer]]>
              </value>
            </param>
          </params>
          <reporter-output>
          </reporter-output>
        </test-method> <!-- mediaValidate -->
        <test-method status="PASS" signature="mediaValidate(java.lang.String)[pri:10, instance:com.atmecs.script.InsightCarrerContactScript@1e965684]" name="mediaValidate" duration-ms="25" started-at="2019-09-30T20:14:16 IST" data-provider="testdata1" finished-at="2019-09-30T20:14:16 IST">
          <params>
            <param index="0">
              <value>
                <![CDATA[Senior Java/J2EE Engineer]]>
              </value>
            </param>
          </params>
          <reporter-output>
          </reporter-output>
        </test-method> <!-- mediaValidate -->
        <test-method status="PASS" signature="mediaValidate(java.lang.String)[pri:10, instance:com.atmecs.script.InsightCarrerContactScript@1e965684]" name="mediaValidate" duration-ms="25" started-at="2019-09-30T20:14:16 IST" data-provider="testdata1" finished-at="2019-09-30T20:14:16 IST">
          <params>
            <param index="0">
              <value>
                <![CDATA[Contact Us]]>
              </value>
            </param>
          </params>
          <reporter-output>
          </reporter-output>
        </test-method> <!-- mediaValidate -->
        <test-method status="PASS" signature="mediaValidate(java.lang.String)[pri:10, instance:com.atmecs.script.InsightCarrerContactScript@1e965684]" name="mediaValidate" duration-ms="26" started-at="2019-09-30T20:14:16 IST" data-provider="testdata1" finished-at="2019-09-30T20:14:16 IST">
          <params>
            <param index="0">
              <value>
                <![CDATA[US Headquarters]]>
              </value>
            </param>
          </params>
          <reporter-output>
          </reporter-output>
        </test-method> <!-- mediaValidate -->
        <test-method status="PASS" signature="mediaValidate(java.lang.String)[pri:10, instance:com.atmecs.script.InsightCarrerContactScript@1e965684]" name="mediaValidate" duration-ms="33" started-at="2019-09-30T20:14:16 IST" data-provider="testdata1" finished-at="2019-09-30T20:14:16 IST">
          <params>
            <param index="0">
              <value>
                <![CDATA[US R&D Center]]>
              </value>
            </param>
          </params>
          <reporter-output>
          </reporter-output>
        </test-method> <!-- mediaValidate -->
        <test-method status="PASS" signature="mediaValidate(java.lang.String)[pri:10, instance:com.atmecs.script.InsightCarrerContactScript@1e965684]" name="mediaValidate" duration-ms="26" started-at="2019-09-30T20:14:16 IST" data-provider="testdata1" finished-at="2019-09-30T20:14:16 IST">
          <params>
            <param index="0">
              <value>
                <![CDATA[India  Hyderabad]]>
              </value>
            </param>
          </params>
          <reporter-output>
          </reporter-output>
        </test-method> <!-- mediaValidate -->
        <test-method status="PASS" signature="mediaValidate(java.lang.String)[pri:10, instance:com.atmecs.script.InsightCarrerContactScript@1e965684]" name="mediaValidate" duration-ms="34" started-at="2019-09-30T20:14:16 IST" data-provider="testdata1" finished-at="2019-09-30T20:14:16 IST">
          <params>
            <param index="0">
              <value>
                <![CDATA[India  Bangalore]]>
              </value>
            </param>
          </params>
          <reporter-output>
          </reporter-output>
        </test-method> <!-- mediaValidate -->
        <test-method status="PASS" signature="mediaValidate(java.lang.String)[pri:10, instance:com.atmecs.script.InsightCarrerContactScript@1e965684]" name="mediaValidate" duration-ms="24" started-at="2019-09-30T20:14:16 IST" data-provider="testdata1" finished-at="2019-09-30T20:14:16 IST">
          <params>
            <param index="0">
              <value>
                <![CDATA[India  Chennai]]>
              </value>
            </param>
          </params>
          <reporter-output>
          </reporter-output>
        </test-method> <!-- mediaValidate -->
        <test-method status="PASS" signature="mediaValidate(java.lang.String)[pri:10, instance:com.atmecs.script.InsightCarrerContactScript@1e965684]" name="mediaValidate" duration-ms="34" started-at="2019-09-30T20:14:16 IST" data-provider="testdata1" finished-at="2019-09-30T20:14:16 IST">
          <params>
            <param index="0">
              <value>
                <![CDATA[info@atmecs.com]]>
              </value>
            </param>
          </params>
          <reporter-output>
          </reporter-output>
        </test-method> <!-- mediaValidate -->
        <test-method status="PASS" signature="mediaValidate(java.lang.String)[pri:10, instance:com.atmecs.script.InsightCarrerContactScript@1e965684]" name="mediaValidate" duration-ms="28" started-at="2019-09-30T20:14:16 IST" data-provider="testdata1" finished-at="2019-09-30T20:14:16 IST">
          <params>
            <param index="0">
              <value>
                <![CDATA[Europe  Ireland]]>
              </value>
            </param>
          </params>
          <reporter-output>
          </reporter-output>
        </test-method> <!-- mediaValidate -->
      </class> <!-- com.atmecs.script.InsightCarrerContactScript -->
      <class name="com.atmecs.script.HomeAboutusFooterScript">
        <test-method status="PASS" signature="configSetup()[pri:0, instance:com.atmecs.script.HomeAboutusFooterScript@5f282abb]" name="configSetup" is-config="true" duration-ms="20845" started-at="2019-09-30T20:13:24 IST" finished-at="2019-09-30T20:13:45 IST">
          <reporter-output>
          </reporter-output>
        </test-method> <!-- configSetup -->
        <test-method status="PASS" signature="clickHome()[pri:1, instance:com.atmecs.script.HomeAboutusFooterScript@5f282abb]" name="clickHome" duration-ms="3084" started-at="2019-09-30T20:13:45 IST" finished-at="2019-09-30T20:13:48 IST">
          <reporter-output>
          </reporter-output>
        </test-method> <!-- clickHome -->
        <test-method status="PASS" signature="homefooterValidate(java.lang.String)[pri:2, instance:com.atmecs.script.HomeAboutusFooterScript@5f282abb]" name="homefooterValidate" duration-ms="53" started-at="2019-09-30T20:13:49 IST" data-provider="testdata1" finished-at="2019-09-30T20:13:49 IST">
          <params>
            <param index="0">
              <value>
                <![CDATA[Home]]>
              </value>
            </param>
          </params>
          <reporter-output>
          </reporter-output>
        </test-method> <!-- homefooterValidate -->
        <test-method status="PASS" signature="homefooterValidate(java.lang.String)[pri:2, instance:com.atmecs.script.HomeAboutusFooterScript@5f282abb]" name="homefooterValidate" duration-ms="48" started-at="2019-09-30T20:13:49 IST" data-provider="testdata1" finished-at="2019-09-30T20:13:49 IST">
          <params>
            <param index="0">
              <value>
                <![CDATA[About Us]]>
              </value>
            </param>
          </params>
          <reporter-output>
          </reporter-output>
        </test-method> <!-- homefooterValidate -->
        <test-method status="PASS" signature="homefooterValidate(java.lang.String)[pri:2, instance:com.atmecs.script.HomeAboutusFooterScript@5f282abb]" name="homefooterValidate" duration-ms="41" started-at="2019-09-30T20:13:49 IST" data-provider="testdata1" finished-at="2019-09-30T20:13:49 IST">
          <params>
            <param index="0">
              <value>
                <![CDATA[Services]]>
              </value>
            </param>
          </params>
          <reporter-output>
          </reporter-output>
        </test-method> <!-- homefooterValidate -->
        <test-method status="PASS" signature="homefooterValidate(java.lang.String)[pri:2, instance:com.atmecs.script.HomeAboutusFooterScript@5f282abb]" name="homefooterValidate" duration-ms="45" started-at="2019-09-30T20:13:49 IST" data-provider="testdata1" finished-at="2019-09-30T20:13:49 IST">
          <params>
            <param index="0">
              <value>
                <![CDATA[Partners]]>
              </value>
            </param>
          </params>
          <reporter-output>
          </reporter-output>
        </test-method> <!-- homefooterValidate -->
        <test-method status="PASS" signature="homefooterValidate(java.lang.String)[pri:2, instance:com.atmecs.script.HomeAboutusFooterScript@5f282abb]" name="homefooterValidate" duration-ms="43" started-at="2019-09-30T20:13:49 IST" data-provider="testdata1" finished-at="2019-09-30T20:13:50 IST">
          <params>
            <param index="0">
              <value>
                <![CDATA[Case Studies old]]>
              </value>
            </param>
          </params>
          <reporter-output>
          </reporter-output>
        </test-method> <!-- homefooterValidate -->
        <test-method status="PASS" signature="homefooterValidate(java.lang.String)[pri:2, instance:com.atmecs.script.HomeAboutusFooterScript@5f282abb]" name="homefooterValidate" duration-ms="43" started-at="2019-09-30T20:13:50 IST" data-provider="testdata1" finished-at="2019-09-30T20:13:50 IST">
          <params>
            <param index="0">
              <value>
                <![CDATA[Careers]]>
              </value>
            </param>
          </params>
          <reporter-output>
          </reporter-output>
        </test-method> <!-- homefooterValidate -->
        <test-method status="PASS" signature="homefooterValidate(java.lang.String)[pri:2, instance:com.atmecs.script.HomeAboutusFooterScript@5f282abb]" name="homefooterValidate" duration-ms="37" started-at="2019-09-30T20:13:50 IST" data-provider="testdata1" finished-at="2019-09-30T20:13:50 IST">
          <params>
            <param index="0">
              <value>
                <![CDATA[Contact Us]]>
              </value>
            </param>
          </params>
          <reporter-output>
          </reporter-output>
        </test-method> <!-- homefooterValidate -->
        <test-method status="PASS" signature="homefooterValidate(java.lang.String)[pri:2, instance:com.atmecs.script.HomeAboutusFooterScript@5f282abb]" name="homefooterValidate" duration-ms="33" started-at="2019-09-30T20:13:50 IST" data-provider="testdata1" finished-at="2019-09-30T20:13:50 IST">
          <params>
            <param index="0">
              <value>
                <![CDATA[Services]]>
              </value>
            </param>
          </params>
          <reporter-output>
          </reporter-output>
        </test-method> <!-- homefooterValidate -->
        <test-method status="PASS" signature="homefooterValidate(java.lang.String)[pri:2, instance:com.atmecs.script.HomeAboutusFooterScript@5f282abb]" name="homefooterValidate" duration-ms="31" started-at="2019-09-30T20:13:50 IST" data-provider="testdata1" finished-at="2019-09-30T20:13:50 IST">
          <params>
            <param index="0">
              <value>
                <![CDATA[Careers]]>
              </value>
            </param>
          </params>
          <reporter-output>
          </reporter-output>
        </test-method> <!-- homefooterValidate -->
        <test-method status="PASS" signature="homefooterValidate(java.lang.String)[pri:2, instance:com.atmecs.script.HomeAboutusFooterScript@5f282abb]" name="homefooterValidate" duration-ms="35" started-at="2019-09-30T20:13:50 IST" data-provider="testdata1" finished-at="2019-09-30T20:13:50 IST">
          <params>
            <param index="0">
              <value>
                <![CDATA[Automation Engineer]]>
              </value>
            </param>
          </params>
          <reporter-output>
          </reporter-output>
        </test-method> <!-- homefooterValidate -->
        <test-method status="PASS" signature="homefooterValidate(java.lang.String)[pri:2, instance:com.atmecs.script.HomeAboutusFooterScript@5f282abb]" name="homefooterValidate" duration-ms="43" started-at="2019-09-30T20:13:50 IST" data-provider="testdata1" finished-at="2019-09-30T20:13:50 IST">
          <params>
            <param index="0">
              <value>
                <![CDATA[DevOps Engineer]]>
              </value>
            </param>
          </params>
          <reporter-output>
          </reporter-output>
        </test-method> <!-- homefooterValidate -->
        <test-method status="PASS" signature="homefooterValidate(java.lang.String)[pri:2, instance:com.atmecs.script.HomeAboutusFooterScript@5f282abb]" name="homefooterValidate" duration-ms="38" started-at="2019-09-30T20:13:50 IST" data-provider="testdata1" finished-at="2019-09-30T20:13:50 IST">
          <params>
            <param index="0">
              <value>
                <![CDATA[Senior .NET Engineer]]>
              </value>
            </param>
          </params>
          <reporter-output>
          </reporter-output>
        </test-method> <!-- homefooterValidate -->
        <test-method status="PASS" signature="homefooterValidate(java.lang.String)[pri:2, instance:com.atmecs.script.HomeAboutusFooterScript@5f282abb]" name="homefooterValidate" duration-ms="38" started-at="2019-09-30T20:13:50 IST" data-provider="testdata1" finished-at="2019-09-30T20:13:50 IST">
          <params>
            <param index="0">
              <value>
                <![CDATA[Senior Java/J2EE Engineer]]>
              </value>
            </param>
          </params>
          <reporter-output>
          </reporter-output>
        </test-method> <!-- homefooterValidate -->
        <test-method status="PASS" signature="homefooterValidate(java.lang.String)[pri:2, instance:com.atmecs.script.HomeAboutusFooterScript@5f282abb]" name="homefooterValidate" duration-ms="32" started-at="2019-09-30T20:13:50 IST" data-provider="testdata1" finished-at="2019-09-30T20:13:50 IST">
          <params>
            <param index="0">
              <value>
                <![CDATA[Contact Us]]>
              </value>
            </param>
          </params>
          <reporter-output>
          </reporter-output>
        </test-method> <!-- homefooterValidate -->
        <test-method status="PASS" signature="homefooterValidate(java.lang.String)[pri:2, instance:com.atmecs.script.HomeAboutusFooterScript@5f282abb]" name="homefooterValidate" duration-ms="37" started-at="2019-09-30T20:13:50 IST" data-provider="testdata1" finished-at="2019-09-30T20:13:50 IST">
          <params>
            <param index="0">
              <value>
                <![CDATA[US Headquarters]]>
              </value>
            </param>
          </params>
          <reporter-output>
          </reporter-output>
        </test-method> <!-- homefooterValidate -->
        <test-method status="PASS" signature="homefooterValidate(java.lang.String)[pri:2, instance:com.atmecs.script.HomeAboutusFooterScript@5f282abb]" name="homefooterValidate" duration-ms="36" started-at="2019-09-30T20:13:50 IST" data-provider="testdata1" finished-at="2019-09-30T20:13:50 IST">
          <params>
            <param index="0">
              <value>
                <![CDATA[US R&D Center]]>
              </value>
            </param>
          </params>
          <reporter-output>
          </reporter-output>
        </test-method> <!-- homefooterValidate -->
        <test-method status="PASS" signature="homefooterValidate(java.lang.String)[pri:2, instance:com.atmecs.script.HomeAboutusFooterScript@5f282abb]" name="homefooterValidate" duration-ms="37" started-at="2019-09-30T20:13:50 IST" data-provider="testdata1" finished-at="2019-09-30T20:13:50 IST">
          <params>
            <param index="0">
              <value>
                <![CDATA[India  Hyderabad]]>
              </value>
            </param>
          </params>
          <reporter-output>
          </reporter-output>
        </test-method> <!-- homefooterValidate -->
        <test-method status="PASS" signature="homefooterValidate(java.lang.String)[pri:2, instance:com.atmecs.script.HomeAboutusFooterScript@5f282abb]" name="homefooterValidate" duration-ms="33" started-at="2019-09-30T20:13:50 IST" data-provider="testdata1" finished-at="2019-09-30T20:13:50 IST">
          <params>
            <param index="0">
              <value>
                <![CDATA[India  Bangalore]]>
              </value>
            </param>
          </params>
          <reporter-output>
          </reporter-output>
        </test-method> <!-- homefooterValidate -->
        <test-method status="PASS" signature="homefooterValidate(java.lang.String)[pri:2, instance:com.atmecs.script.HomeAboutusFooterScript@5f282abb]" name="homefooterValidate" duration-ms="38" started-at="2019-09-30T20:13:50 IST" data-provider="testdata1" finished-at="2019-09-30T20:13:50 IST">
          <params>
            <param index="0">
              <value>
                <![CDATA[India  Chennai]]>
              </value>
            </param>
          </params>
          <reporter-output>
          </reporter-output>
        </test-method> <!-- homefooterValidate -->
        <test-method status="PASS" signature="homefooterValidate(java.lang.String)[pri:2, instance:com.atmecs.script.HomeAboutusFooterScript@5f282abb]" name="homefooterValidate" duration-ms="32" started-at="2019-09-30T20:13:50 IST" data-provider="testdata1" finished-at="2019-09-30T20:13:50 IST">
          <params>
            <param index="0">
              <value>
                <![CDATA[info@atmecs.com]]>
              </value>
            </param>
          </params>
          <reporter-output>
          </reporter-output>
        </test-method> <!-- homefooterValidate -->
        <test-method status="PASS" signature="homefooterValidate(java.lang.String)[pri:2, instance:com.atmecs.script.HomeAboutusFooterScript@5f282abb]" name="homefooterValidate" duration-ms="35" started-at="2019-09-30T20:13:50 IST" data-provider="testdata1" finished-at="2019-09-30T20:13:50 IST">
          <params>
            <param index="0">
              <value>
                <![CDATA[Europe  Ireland]]>
              </value>
            </param>
          </params>
          <reporter-output>
          </reporter-output>
        </test-method> <!-- homefooterValidate -->
        <test-method status="PASS" signature="clickOnAbout()[pri:3, instance:com.atmecs.script.HomeAboutusFooterScript@5f282abb]" name="clickOnAbout" duration-ms="2536" started-at="2019-09-30T20:13:50 IST" finished-at="2019-09-30T20:13:53 IST">
          <reporter-output>
          </reporter-output>
        </test-method> <!-- clickOnAbout -->
        <test-method status="PASS" signature="aboutUsFooter(java.lang.String)[pri:4, instance:com.atmecs.script.HomeAboutusFooterScript@5f282abb]" name="aboutUsFooter" duration-ms="49" started-at="2019-09-30T20:13:53 IST" data-provider="testdata1" finished-at="2019-09-30T20:13:53 IST">
          <params>
            <param index="0">
              <value>
                <![CDATA[Home]]>
              </value>
            </param>
          </params>
          <reporter-output>
          </reporter-output>
        </test-method> <!-- aboutUsFooter -->
        <test-method status="PASS" signature="aboutUsFooter(java.lang.String)[pri:4, instance:com.atmecs.script.HomeAboutusFooterScript@5f282abb]" name="aboutUsFooter" duration-ms="38" started-at="2019-09-30T20:13:53 IST" data-provider="testdata1" finished-at="2019-09-30T20:13:53 IST">
          <params>
            <param index="0">
              <value>
                <![CDATA[About Us]]>
              </value>
            </param>
          </params>
          <reporter-output>
          </reporter-output>
        </test-method> <!-- aboutUsFooter -->
        <test-method status="PASS" signature="aboutUsFooter(java.lang.String)[pri:4, instance:com.atmecs.script.HomeAboutusFooterScript@5f282abb]" name="aboutUsFooter" duration-ms="47" started-at="2019-09-30T20:13:53 IST" data-provider="testdata1" finished-at="2019-09-30T20:13:53 IST">
          <params>
            <param index="0">
              <value>
                <![CDATA[Services]]>
              </value>
            </param>
          </params>
          <reporter-output>
          </reporter-output>
        </test-method> <!-- aboutUsFooter -->
        <test-method status="PASS" signature="aboutUsFooter(java.lang.String)[pri:4, instance:com.atmecs.script.HomeAboutusFooterScript@5f282abb]" name="aboutUsFooter" duration-ms="36" started-at="2019-09-30T20:13:53 IST" data-provider="testdata1" finished-at="2019-09-30T20:13:53 IST">
          <params>
            <param index="0">
              <value>
                <![CDATA[Partners]]>
              </value>
            </param>
          </params>
          <reporter-output>
          </reporter-output>
        </test-method> <!-- aboutUsFooter -->
        <test-method status="PASS" signature="aboutUsFooter(java.lang.String)[pri:4, instance:com.atmecs.script.HomeAboutusFooterScript@5f282abb]" name="aboutUsFooter" duration-ms="38" started-at="2019-09-30T20:13:53 IST" data-provider="testdata1" finished-at="2019-09-30T20:13:53 IST">
          <params>
            <param index="0">
              <value>
                <![CDATA[Case Studies old]]>
              </value>
            </param>
          </params>
          <reporter-output>
          </reporter-output>
        </test-method> <!-- aboutUsFooter -->
        <test-method status="PASS" signature="aboutUsFooter(java.lang.String)[pri:4, instance:com.atmecs.script.HomeAboutusFooterScript@5f282abb]" name="aboutUsFooter" duration-ms="34" started-at="2019-09-30T20:13:53 IST" data-provider="testdata1" finished-at="2019-09-30T20:13:53 IST">
          <params>
            <param index="0">
              <value>
                <![CDATA[Careers]]>
              </value>
            </param>
          </params>
          <reporter-output>
          </reporter-output>
        </test-method> <!-- aboutUsFooter -->
        <test-method status="PASS" signature="aboutUsFooter(java.lang.String)[pri:4, instance:com.atmecs.script.HomeAboutusFooterScript@5f282abb]" name="aboutUsFooter" duration-ms="35" started-at="2019-09-30T20:13:53 IST" data-provider="testdata1" finished-at="2019-09-30T20:13:53 IST">
          <params>
            <param index="0">
              <value>
                <![CDATA[Contact Us]]>
              </value>
            </param>
          </params>
          <reporter-output>
          </reporter-output>
        </test-method> <!-- aboutUsFooter -->
        <test-method status="PASS" signature="aboutUsFooter(java.lang.String)[pri:4, instance:com.atmecs.script.HomeAboutusFooterScript@5f282abb]" name="aboutUsFooter" duration-ms="28" started-at="2019-09-30T20:13:53 IST" data-provider="testdata1" finished-at="2019-09-30T20:13:53 IST">
          <params>
            <param index="0">
              <value>
                <![CDATA[Services]]>
              </value>
            </param>
          </params>
          <reporter-output>
          </reporter-output>
        </test-method> <!-- aboutUsFooter -->
        <test-method status="PASS" signature="aboutUsFooter(java.lang.String)[pri:4, instance:com.atmecs.script.HomeAboutusFooterScript@5f282abb]" name="aboutUsFooter" duration-ms="42" started-at="2019-09-30T20:13:53 IST" data-provider="testdata1" finished-at="2019-09-30T20:13:53 IST">
          <params>
            <param index="0">
              <value>
                <![CDATA[Careers]]>
              </value>
            </param>
          </params>
          <reporter-output>
          </reporter-output>
        </test-method> <!-- aboutUsFooter -->
        <test-method status="PASS" signature="aboutUsFooter(java.lang.String)[pri:4, instance:com.atmecs.script.HomeAboutusFooterScript@5f282abb]" name="aboutUsFooter" duration-ms="44" started-at="2019-09-30T20:13:53 IST" data-provider="testdata1" finished-at="2019-09-30T20:13:53 IST">
          <params>
            <param index="0">
              <value>
                <![CDATA[Automation Engineer]]>
              </value>
            </param>
          </params>
          <reporter-output>
          </reporter-output>
        </test-method> <!-- aboutUsFooter -->
        <test-method status="PASS" signature="aboutUsFooter(java.lang.String)[pri:4, instance:com.atmecs.script.HomeAboutusFooterScript@5f282abb]" name="aboutUsFooter" duration-ms="35" started-at="2019-09-30T20:13:53 IST" data-provider="testdata1" finished-at="2019-09-30T20:13:53 IST">
          <params>
            <param index="0">
              <value>
                <![CDATA[DevOps Engineer]]>
              </value>
            </param>
          </params>
          <reporter-output>
          </reporter-output>
        </test-method> <!-- aboutUsFooter -->
        <test-method status="PASS" signature="aboutUsFooter(java.lang.String)[pri:4, instance:com.atmecs.script.HomeAboutusFooterScript@5f282abb]" name="aboutUsFooter" duration-ms="30" started-at="2019-09-30T20:13:53 IST" data-provider="testdata1" finished-at="2019-09-30T20:13:53 IST">
          <params>
            <param index="0">
              <value>
                <![CDATA[Senior .NET Engineer]]>
              </value>
            </param>
          </params>
          <reporter-output>
          </reporter-output>
        </test-method> <!-- aboutUsFooter -->
        <test-method status="PASS" signature="aboutUsFooter(java.lang.String)[pri:4, instance:com.atmecs.script.HomeAboutusFooterScript@5f282abb]" name="aboutUsFooter" duration-ms="31" started-at="2019-09-30T20:13:53 IST" data-provider="testdata1" finished-at="2019-09-30T20:13:53 IST">
          <params>
            <param index="0">
              <value>
                <![CDATA[Senior Java/J2EE Engineer]]>
              </value>
            </param>
          </params>
          <reporter-output>
          </reporter-output>
        </test-method> <!-- aboutUsFooter -->
        <test-method status="PASS" signature="aboutUsFooter(java.lang.String)[pri:4, instance:com.atmecs.script.HomeAboutusFooterScript@5f282abb]" name="aboutUsFooter" duration-ms="24" started-at="2019-09-30T20:13:53 IST" data-provider="testdata1" finished-at="2019-09-30T20:13:53 IST">
          <params>
            <param index="0">
              <value>
                <![CDATA[Contact Us]]>
              </value>
            </param>
          </params>
          <reporter-output>
          </reporter-output>
        </test-method> <!-- aboutUsFooter -->
        <test-method status="PASS" signature="aboutUsFooter(java.lang.String)[pri:4, instance:com.atmecs.script.HomeAboutusFooterScript@5f282abb]" name="aboutUsFooter" duration-ms="33" started-at="2019-09-30T20:13:53 IST" data-provider="testdata1" finished-at="2019-09-30T20:13:53 IST">
          <params>
            <param index="0">
              <value>
                <![CDATA[US Headquarters]]>
              </value>
            </param>
          </params>
          <reporter-output>
          </reporter-output>
        </test-method> <!-- aboutUsFooter -->
        <test-method status="PASS" signature="aboutUsFooter(java.lang.String)[pri:4, instance:com.atmecs.script.HomeAboutusFooterScript@5f282abb]" name="aboutUsFooter" duration-ms="36" started-at="2019-09-30T20:13:53 IST" data-provider="testdata1" finished-at="2019-09-30T20:13:53 IST">
          <params>
            <param index="0">
              <value>
                <![CDATA[US R&D Center]]>
              </value>
            </param>
          </params>
          <reporter-output>
          </reporter-output>
        </test-method> <!-- aboutUsFooter -->
        <test-method status="PASS" signature="aboutUsFooter(java.lang.String)[pri:4, instance:com.atmecs.script.HomeAboutusFooterScript@5f282abb]" name="aboutUsFooter" duration-ms="39" started-at="2019-09-30T20:13:53 IST" data-provider="testdata1" finished-at="2019-09-30T20:13:53 IST">
          <params>
            <param index="0">
              <value>
                <![CDATA[India  Hyderabad]]>
              </value>
            </param>
          </params>
          <reporter-output>
          </reporter-output>
        </test-method> <!-- aboutUsFooter -->
        <test-method status="PASS" signature="aboutUsFooter(java.lang.String)[pri:4, instance:com.atmecs.script.HomeAboutusFooterScript@5f282abb]" name="aboutUsFooter" duration-ms="38" started-at="2019-09-30T20:13:53 IST" data-provider="testdata1" finished-at="2019-09-30T20:13:53 IST">
          <params>
            <param index="0">
              <value>
                <![CDATA[India  Bangalore]]>
              </value>
            </param>
          </params>
          <reporter-output>
          </reporter-output>
        </test-method> <!-- aboutUsFooter -->
        <test-method status="PASS" signature="aboutUsFooter(java.lang.String)[pri:4, instance:com.atmecs.script.HomeAboutusFooterScript@5f282abb]" name="aboutUsFooter" duration-ms="34" started-at="2019-09-30T20:13:53 IST" data-provider="testdata1" finished-at="2019-09-30T20:13:53 IST">
          <params>
            <param index="0">
              <value>
                <![CDATA[India  Chennai]]>
              </value>
            </param>
          </params>
          <reporter-output>
          </reporter-output>
        </test-method> <!-- aboutUsFooter -->
        <test-method status="PASS" signature="aboutUsFooter(java.lang.String)[pri:4, instance:com.atmecs.script.HomeAboutusFooterScript@5f282abb]" name="aboutUsFooter" duration-ms="33" started-at="2019-09-30T20:13:53 IST" data-provider="testdata1" finished-at="2019-09-30T20:13:53 IST">
          <params>
            <param index="0">
              <value>
                <![CDATA[info@atmecs.com]]>
              </value>
            </param>
          </params>
          <reporter-output>
          </reporter-output>
        </test-method> <!-- aboutUsFooter -->
        <test-method status="PASS" signature="aboutUsFooter(java.lang.String)[pri:4, instance:com.atmecs.script.HomeAboutusFooterScript@5f282abb]" name="aboutUsFooter" duration-ms="34" started-at="2019-09-30T20:13:54 IST" data-provider="testdata1" finished-at="2019-09-30T20:13:54 IST">
          <params>
            <param index="0">
              <value>
                <![CDATA[Europe  Ireland]]>
              </value>
            </param>
          </params>
          <reporter-output>
          </reporter-output>
        </test-method> <!-- aboutUsFooter -->
      </class> <!-- com.atmecs.script.HomeAboutusFooterScript -->
      <class name="com.atmecs.script.ServicePartnerMediaScript">
        <test-method status="PASS" signature="clickOnInsight()[pri:11, instance:com.atmecs.script.ServicePartnerMediaScript@167fdd33]" name="clickOnInsight" duration-ms="105" started-at="2019-09-30T20:13:54 IST" finished-at="2019-09-30T20:13:54 IST">
          <reporter-output>
          </reporter-output>
        </test-method> <!-- clickOnInsight -->
        <test-method status="PASS" signature="ValiadteInsightFooter(java.lang.String)[pri:12, instance:com.atmecs.script.ServicePartnerMediaScript@167fdd33]" name="ValiadteInsightFooter" duration-ms="53" started-at="2019-09-30T20:13:54 IST" data-provider="testdata1" finished-at="2019-09-30T20:13:54 IST">
          <params>
            <param index="0">
              <value>
                <![CDATA[Home]]>
              </value>
            </param>
          </params>
          <reporter-output>
          </reporter-output>
        </test-method> <!-- ValiadteInsightFooter -->
        <test-method status="PASS" signature="ValiadteInsightFooter(java.lang.String)[pri:12, instance:com.atmecs.script.ServicePartnerMediaScript@167fdd33]" name="ValiadteInsightFooter" duration-ms="31" started-at="2019-09-30T20:13:54 IST" data-provider="testdata1" finished-at="2019-09-30T20:13:54 IST">
          <params>
            <param index="0">
              <value>
                <![CDATA[About Us]]>
              </value>
            </param>
          </params>
          <reporter-output>
          </reporter-output>
        </test-method> <!-- ValiadteInsightFooter -->
        <test-method status="PASS" signature="ValiadteInsightFooter(java.lang.String)[pri:12, instance:com.atmecs.script.ServicePartnerMediaScript@167fdd33]" name="ValiadteInsightFooter" duration-ms="30" started-at="2019-09-30T20:13:54 IST" data-provider="testdata1" finished-at="2019-09-30T20:13:54 IST">
          <params>
            <param index="0">
              <value>
                <![CDATA[Services]]>
              </value>
            </param>
          </params>
          <reporter-output>
          </reporter-output>
        </test-method> <!-- ValiadteInsightFooter -->
        <test-method status="PASS" signature="ValiadteInsightFooter(java.lang.String)[pri:12, instance:com.atmecs.script.ServicePartnerMediaScript@167fdd33]" name="ValiadteInsightFooter" duration-ms="38" started-at="2019-09-30T20:13:54 IST" data-provider="testdata1" finished-at="2019-09-30T20:13:54 IST">
          <params>
            <param index="0">
              <value>
                <![CDATA[Partners]]>
              </value>
            </param>
          </params>
          <reporter-output>
          </reporter-output>
        </test-method> <!-- ValiadteInsightFooter -->
        <test-method status="PASS" signature="ValiadteInsightFooter(java.lang.String)[pri:12, instance:com.atmecs.script.ServicePartnerMediaScript@167fdd33]" name="ValiadteInsightFooter" duration-ms="28" started-at="2019-09-30T20:13:54 IST" data-provider="testdata1" finished-at="2019-09-30T20:13:54 IST">
          <params>
            <param index="0">
              <value>
                <![CDATA[Case Studies old]]>
              </value>
            </param>
          </params>
          <reporter-output>
          </reporter-output>
        </test-method> <!-- ValiadteInsightFooter -->
        <test-method status="PASS" signature="ValiadteInsightFooter(java.lang.String)[pri:12, instance:com.atmecs.script.ServicePartnerMediaScript@167fdd33]" name="ValiadteInsightFooter" duration-ms="26" started-at="2019-09-30T20:13:54 IST" data-provider="testdata1" finished-at="2019-09-30T20:13:54 IST">
          <params>
            <param index="0">
              <value>
                <![CDATA[Careers]]>
              </value>
            </param>
          </params>
          <reporter-output>
          </reporter-output>
        </test-method> <!-- ValiadteInsightFooter -->
        <test-method status="PASS" signature="ValiadteInsightFooter(java.lang.String)[pri:12, instance:com.atmecs.script.ServicePartnerMediaScript@167fdd33]" name="ValiadteInsightFooter" duration-ms="35" started-at="2019-09-30T20:13:54 IST" data-provider="testdata1" finished-at="2019-09-30T20:13:54 IST">
          <params>
            <param index="0">
              <value>
                <![CDATA[Contact Us]]>
              </value>
            </param>
          </params>
          <reporter-output>
          </reporter-output>
        </test-method> <!-- ValiadteInsightFooter -->
        <test-method status="PASS" signature="ValiadteInsightFooter(java.lang.String)[pri:12, instance:com.atmecs.script.ServicePartnerMediaScript@167fdd33]" name="ValiadteInsightFooter" duration-ms="32" started-at="2019-09-30T20:13:54 IST" data-provider="testdata1" finished-at="2019-09-30T20:13:54 IST">
          <params>
            <param index="0">
              <value>
                <![CDATA[Services]]>
              </value>
            </param>
          </params>
          <reporter-output>
          </reporter-output>
        </test-method> <!-- ValiadteInsightFooter -->
        <test-method status="PASS" signature="ValiadteInsightFooter(java.lang.String)[pri:12, instance:com.atmecs.script.ServicePartnerMediaScript@167fdd33]" name="ValiadteInsightFooter" duration-ms="38" started-at="2019-09-30T20:13:54 IST" data-provider="testdata1" finished-at="2019-09-30T20:13:54 IST">
          <params>
            <param index="0">
              <value>
                <![CDATA[Careers]]>
              </value>
            </param>
          </params>
          <reporter-output>
          </reporter-output>
        </test-method> <!-- ValiadteInsightFooter -->
        <test-method status="PASS" signature="ValiadteInsightFooter(java.lang.String)[pri:12, instance:com.atmecs.script.ServicePartnerMediaScript@167fdd33]" name="ValiadteInsightFooter" duration-ms="31" started-at="2019-09-30T20:13:54 IST" data-provider="testdata1" finished-at="2019-09-30T20:13:54 IST">
          <params>
            <param index="0">
              <value>
                <![CDATA[Automation Engineer]]>
              </value>
            </param>
          </params>
          <reporter-output>
          </reporter-output>
        </test-method> <!-- ValiadteInsightFooter -->
        <test-method status="PASS" signature="ValiadteInsightFooter(java.lang.String)[pri:12, instance:com.atmecs.script.ServicePartnerMediaScript@167fdd33]" name="ValiadteInsightFooter" duration-ms="33" started-at="2019-09-30T20:13:54 IST" data-provider="testdata1" finished-at="2019-09-30T20:13:54 IST">
          <params>
            <param index="0">
              <value>
                <![CDATA[DevOps Engineer]]>
              </value>
            </param>
          </params>
          <reporter-output>
          </reporter-output>
        </test-method> <!-- ValiadteInsightFooter -->
        <test-method status="PASS" signature="ValiadteInsightFooter(java.lang.String)[pri:12, instance:com.atmecs.script.ServicePartnerMediaScript@167fdd33]" name="ValiadteInsightFooter" duration-ms="38" started-at="2019-09-30T20:13:54 IST" data-provider="testdata1" finished-at="2019-09-30T20:13:54 IST">
          <params>
            <param index="0">
              <value>
                <![CDATA[Senior .NET Engineer]]>
              </value>
            </param>
          </params>
          <reporter-output>
          </reporter-output>
        </test-method> <!-- ValiadteInsightFooter -->
        <test-method status="PASS" signature="ValiadteInsightFooter(java.lang.String)[pri:12, instance:com.atmecs.script.ServicePartnerMediaScript@167fdd33]" name="ValiadteInsightFooter" duration-ms="36" started-at="2019-09-30T20:13:54 IST" data-provider="testdata1" finished-at="2019-09-30T20:13:54 IST">
          <params>
            <param index="0">
              <value>
                <![CDATA[Senior Java/J2EE Engineer]]>
              </value>
            </param>
          </params>
          <reporter-output>
          </reporter-output>
        </test-method> <!-- ValiadteInsightFooter -->
        <test-method status="PASS" signature="ValiadteInsightFooter(java.lang.String)[pri:12, instance:com.atmecs.script.ServicePartnerMediaScript@167fdd33]" name="ValiadteInsightFooter" duration-ms="27" started-at="2019-09-30T20:13:54 IST" data-provider="testdata1" finished-at="2019-09-30T20:13:54 IST">
          <params>
            <param index="0">
              <value>
                <![CDATA[Contact Us]]>
              </value>
            </param>
          </params>
          <reporter-output>
          </reporter-output>
        </test-method> <!-- ValiadteInsightFooter -->
        <test-method status="PASS" signature="ValiadteInsightFooter(java.lang.String)[pri:12, instance:com.atmecs.script.ServicePartnerMediaScript@167fdd33]" name="ValiadteInsightFooter" duration-ms="33" started-at="2019-09-30T20:13:54 IST" data-provider="testdata1" finished-at="2019-09-30T20:13:54 IST">
          <params>
            <param index="0">
              <value>
                <![CDATA[US Headquarters]]>
              </value>
            </param>
          </params>
          <reporter-output>
          </reporter-output>
        </test-method> <!-- ValiadteInsightFooter -->
        <test-method status="PASS" signature="ValiadteInsightFooter(java.lang.String)[pri:12, instance:com.atmecs.script.ServicePartnerMediaScript@167fdd33]" name="ValiadteInsightFooter" duration-ms="41" started-at="2019-09-30T20:13:54 IST" data-provider="testdata1" finished-at="2019-09-30T20:13:54 IST">
          <params>
            <param index="0">
              <value>
                <![CDATA[US R&D Center]]>
              </value>
            </param>
          </params>
          <reporter-output>
          </reporter-output>
        </test-method> <!-- ValiadteInsightFooter -->
        <test-method status="PASS" signature="ValiadteInsightFooter(java.lang.String)[pri:12, instance:com.atmecs.script.ServicePartnerMediaScript@167fdd33]" name="ValiadteInsightFooter" duration-ms="22" started-at="2019-09-30T20:13:54 IST" data-provider="testdata1" finished-at="2019-09-30T20:13:54 IST">
          <params>
            <param index="0">
              <value>
                <![CDATA[India  Hyderabad]]>
              </value>
            </param>
          </params>
          <reporter-output>
          </reporter-output>
        </test-method> <!-- ValiadteInsightFooter -->
        <test-method status="PASS" signature="ValiadteInsightFooter(java.lang.String)[pri:12, instance:com.atmecs.script.ServicePartnerMediaScript@167fdd33]" name="ValiadteInsightFooter" duration-ms="26" started-at="2019-09-30T20:13:54 IST" data-provider="testdata1" finished-at="2019-09-30T20:13:54 IST">
          <params>
            <param index="0">
              <value>
                <![CDATA[India  Bangalore]]>
              </value>
            </param>
          </params>
          <reporter-output>
          </reporter-output>
        </test-method> <!-- ValiadteInsightFooter -->
        <test-method status="PASS" signature="ValiadteInsightFooter(java.lang.String)[pri:12, instance:com.atmecs.script.ServicePartnerMediaScript@167fdd33]" name="ValiadteInsightFooter" duration-ms="27" started-at="2019-09-30T20:13:54 IST" data-provider="testdata1" finished-at="2019-09-30T20:13:54 IST">
          <params>
            <param index="0">
              <value>
                <![CDATA[India  Chennai]]>
              </value>
            </param>
          </params>
          <reporter-output>
          </reporter-output>
        </test-method> <!-- ValiadteInsightFooter -->
        <test-method status="PASS" signature="ValiadteInsightFooter(java.lang.String)[pri:12, instance:com.atmecs.script.ServicePartnerMediaScript@167fdd33]" name="ValiadteInsightFooter" duration-ms="23" started-at="2019-09-30T20:13:54 IST" data-provider="testdata1" finished-at="2019-09-30T20:13:54 IST">
          <params>
            <param index="0">
              <value>
                <![CDATA[info@atmecs.com]]>
              </value>
            </param>
          </params>
          <reporter-output>
          </reporter-output>
        </test-method> <!-- ValiadteInsightFooter -->
        <test-method status="PASS" signature="ValiadteInsightFooter(java.lang.String)[pri:12, instance:com.atmecs.script.ServicePartnerMediaScript@167fdd33]" name="ValiadteInsightFooter" duration-ms="27" started-at="2019-09-30T20:13:54 IST" data-provider="testdata1" finished-at="2019-09-30T20:13:54 IST">
          <params>
            <param index="0">
              <value>
                <![CDATA[Europe  Ireland]]>
              </value>
            </param>
          </params>
          <reporter-output>
          </reporter-output>
        </test-method> <!-- ValiadteInsightFooter -->
        <test-method status="PASS" signature="clickOnCarrer()[pri:13, instance:com.atmecs.script.ServicePartnerMediaScript@167fdd33]" name="clickOnCarrer" duration-ms="3438" started-at="2019-09-30T20:13:54 IST" finished-at="2019-09-30T20:13:58 IST">
          <reporter-output>
          </reporter-output>
        </test-method> <!-- clickOnCarrer -->
        <test-method status="PASS" signature="ValidateInsight(java.lang.String)[pri:14, instance:com.atmecs.script.ServicePartnerMediaScript@167fdd33]" name="ValidateInsight" duration-ms="46" started-at="2019-09-30T20:13:58 IST" data-provider="testdata1" finished-at="2019-09-30T20:13:58 IST">
          <params>
            <param index="0">
              <value>
                <![CDATA[Home]]>
              </value>
            </param>
          </params>
          <reporter-output>
          </reporter-output>
        </test-method> <!-- ValidateInsight -->
        <test-method status="PASS" signature="ValidateInsight(java.lang.String)[pri:14, instance:com.atmecs.script.ServicePartnerMediaScript@167fdd33]" name="ValidateInsight" duration-ms="47" started-at="2019-09-30T20:13:58 IST" data-provider="testdata1" finished-at="2019-09-30T20:13:58 IST">
          <params>
            <param index="0">
              <value>
                <![CDATA[About Us]]>
              </value>
            </param>
          </params>
          <reporter-output>
          </reporter-output>
        </test-method> <!-- ValidateInsight -->
        <test-method status="PASS" signature="ValidateInsight(java.lang.String)[pri:14, instance:com.atmecs.script.ServicePartnerMediaScript@167fdd33]" name="ValidateInsight" duration-ms="36" started-at="2019-09-30T20:13:58 IST" data-provider="testdata1" finished-at="2019-09-30T20:13:58 IST">
          <params>
            <param index="0">
              <value>
                <![CDATA[Services]]>
              </value>
            </param>
          </params>
          <reporter-output>
          </reporter-output>
        </test-method> <!-- ValidateInsight -->
        <test-method status="PASS" signature="ValidateInsight(java.lang.String)[pri:14, instance:com.atmecs.script.ServicePartnerMediaScript@167fdd33]" name="ValidateInsight" duration-ms="39" started-at="2019-09-30T20:13:58 IST" data-provider="testdata1" finished-at="2019-09-30T20:13:58 IST">
          <params>
            <param index="0">
              <value>
                <![CDATA[Partners]]>
              </value>
            </param>
          </params>
          <reporter-output>
          </reporter-output>
        </test-method> <!-- ValidateInsight -->
        <test-method status="PASS" signature="ValidateInsight(java.lang.String)[pri:14, instance:com.atmecs.script.ServicePartnerMediaScript@167fdd33]" name="ValidateInsight" duration-ms="42" started-at="2019-09-30T20:13:58 IST" data-provider="testdata1" finished-at="2019-09-30T20:13:58 IST">
          <params>
            <param index="0">
              <value>
                <![CDATA[Case Studies old]]>
              </value>
            </param>
          </params>
          <reporter-output>
          </reporter-output>
        </test-method> <!-- ValidateInsight -->
        <test-method status="PASS" signature="ValidateInsight(java.lang.String)[pri:14, instance:com.atmecs.script.ServicePartnerMediaScript@167fdd33]" name="ValidateInsight" duration-ms="34" started-at="2019-09-30T20:13:58 IST" data-provider="testdata1" finished-at="2019-09-30T20:13:58 IST">
          <params>
            <param index="0">
              <value>
                <![CDATA[Careers]]>
              </value>
            </param>
          </params>
          <reporter-output>
          </reporter-output>
        </test-method> <!-- ValidateInsight -->
        <test-method status="PASS" signature="ValidateInsight(java.lang.String)[pri:14, instance:com.atmecs.script.ServicePartnerMediaScript@167fdd33]" name="ValidateInsight" duration-ms="34" started-at="2019-09-30T20:13:58 IST" data-provider="testdata1" finished-at="2019-09-30T20:13:58 IST">
          <params>
            <param index="0">
              <value>
                <![CDATA[Contact Us]]>
              </value>
            </param>
          </params>
          <reporter-output>
          </reporter-output>
        </test-method> <!-- ValidateInsight -->
        <test-method status="PASS" signature="ValidateInsight(java.lang.String)[pri:14, instance:com.atmecs.script.ServicePartnerMediaScript@167fdd33]" name="ValidateInsight" duration-ms="21" started-at="2019-09-30T20:13:58 IST" data-provider="testdata1" finished-at="2019-09-30T20:13:58 IST">
          <params>
            <param index="0">
              <value>
                <![CDATA[Services]]>
              </value>
            </param>
          </params>
          <reporter-output>
          </reporter-output>
        </test-method> <!-- ValidateInsight -->
        <test-method status="PASS" signature="ValidateInsight(java.lang.String)[pri:14, instance:com.atmecs.script.ServicePartnerMediaScript@167fdd33]" name="ValidateInsight" duration-ms="23" started-at="2019-09-30T20:13:58 IST" data-provider="testdata1" finished-at="2019-09-30T20:13:58 IST">
          <params>
            <param index="0">
              <value>
                <![CDATA[Careers]]>
              </value>
            </param>
          </params>
          <reporter-output>
          </reporter-output>
        </test-method> <!-- ValidateInsight -->
        <test-method status="PASS" signature="ValidateInsight(java.lang.String)[pri:14, instance:com.atmecs.script.ServicePartnerMediaScript@167fdd33]" name="ValidateInsight" duration-ms="32" started-at="2019-09-30T20:13:58 IST" data-provider="testdata1" finished-at="2019-09-30T20:13:58 IST">
          <params>
            <param index="0">
              <value>
                <![CDATA[Automation Engineer]]>
              </value>
            </param>
          </params>
          <reporter-output>
          </reporter-output>
        </test-method> <!-- ValidateInsight -->
        <test-method status="PASS" signature="ValidateInsight(java.lang.String)[pri:14, instance:com.atmecs.script.ServicePartnerMediaScript@167fdd33]" name="ValidateInsight" duration-ms="39" started-at="2019-09-30T20:13:58 IST" data-provider="testdata1" finished-at="2019-09-30T20:13:58 IST">
          <params>
            <param index="0">
              <value>
                <![CDATA[DevOps Engineer]]>
              </value>
            </param>
          </params>
          <reporter-output>
          </reporter-output>
        </test-method> <!-- ValidateInsight -->
        <test-method status="PASS" signature="ValidateInsight(java.lang.String)[pri:14, instance:com.atmecs.script.ServicePartnerMediaScript@167fdd33]" name="ValidateInsight" duration-ms="33" started-at="2019-09-30T20:13:58 IST" data-provider="testdata1" finished-at="2019-09-30T20:13:58 IST">
          <params>
            <param index="0">
              <value>
                <![CDATA[Senior .NET Engineer]]>
              </value>
            </param>
          </params>
          <reporter-output>
          </reporter-output>
        </test-method> <!-- ValidateInsight -->
        <test-method status="PASS" signature="ValidateInsight(java.lang.String)[pri:14, instance:com.atmecs.script.ServicePartnerMediaScript@167fdd33]" name="ValidateInsight" duration-ms="32" started-at="2019-09-30T20:13:58 IST" data-provider="testdata1" finished-at="2019-09-30T20:13:58 IST">
          <params>
            <param index="0">
              <value>
                <![CDATA[Senior Java/J2EE Engineer]]>
              </value>
            </param>
          </params>
          <reporter-output>
          </reporter-output>
        </test-method> <!-- ValidateInsight -->
        <test-method status="PASS" signature="ValidateInsight(java.lang.String)[pri:14, instance:com.atmecs.script.ServicePartnerMediaScript@167fdd33]" name="ValidateInsight" duration-ms="25" started-at="2019-09-30T20:13:58 IST" data-provider="testdata1" finished-at="2019-09-30T20:13:58 IST">
          <params>
            <param index="0">
              <value>
                <![CDATA[Contact Us]]>
              </value>
            </param>
          </params>
          <reporter-output>
          </reporter-output>
        </test-method> <!-- ValidateInsight -->
        <test-method status="PASS" signature="ValidateInsight(java.lang.String)[pri:14, instance:com.atmecs.script.ServicePartnerMediaScript@167fdd33]" name="ValidateInsight" duration-ms="32" started-at="2019-09-30T20:13:58 IST" data-provider="testdata1" finished-at="2019-09-30T20:13:58 IST">
          <params>
            <param index="0">
              <value>
                <![CDATA[US Headquarters]]>
              </value>
            </param>
          </params>
          <reporter-output>
          </reporter-output>
        </test-method> <!-- ValidateInsight -->
        <test-method status="PASS" signature="ValidateInsight(java.lang.String)[pri:14, instance:com.atmecs.script.ServicePartnerMediaScript@167fdd33]" name="ValidateInsight" duration-ms="40" started-at="2019-09-30T20:13:58 IST" data-provider="testdata1" finished-at="2019-09-30T20:13:58 IST">
          <params>
            <param index="0">
              <value>
                <![CDATA[US R&D Center]]>
              </value>
            </param>
          </params>
          <reporter-output>
          </reporter-output>
        </test-method> <!-- ValidateInsight -->
        <test-method status="PASS" signature="ValidateInsight(java.lang.String)[pri:14, instance:com.atmecs.script.ServicePartnerMediaScript@167fdd33]" name="ValidateInsight" duration-ms="40" started-at="2019-09-30T20:13:58 IST" data-provider="testdata1" finished-at="2019-09-30T20:13:59 IST">
          <params>
            <param index="0">
              <value>
                <![CDATA[India  Hyderabad]]>
              </value>
            </param>
          </params>
          <reporter-output>
          </reporter-output>
        </test-method> <!-- ValidateInsight -->
        <test-method status="PASS" signature="ValidateInsight(java.lang.String)[pri:14, instance:com.atmecs.script.ServicePartnerMediaScript@167fdd33]" name="ValidateInsight" duration-ms="37" started-at="2019-09-30T20:13:59 IST" data-provider="testdata1" finished-at="2019-09-30T20:13:59 IST">
          <params>
            <param index="0">
              <value>
                <![CDATA[India  Bangalore]]>
              </value>
            </param>
          </params>
          <reporter-output>
          </reporter-output>
        </test-method> <!-- ValidateInsight -->
        <test-method status="PASS" signature="ValidateInsight(java.lang.String)[pri:14, instance:com.atmecs.script.ServicePartnerMediaScript@167fdd33]" name="ValidateInsight" duration-ms="38" started-at="2019-09-30T20:13:59 IST" data-provider="testdata1" finished-at="2019-09-30T20:13:59 IST">
          <params>
            <param index="0">
              <value>
                <![CDATA[India  Chennai]]>
              </value>
            </param>
          </params>
          <reporter-output>
          </reporter-output>
        </test-method> <!-- ValidateInsight -->
        <test-method status="PASS" signature="ValidateInsight(java.lang.String)[pri:14, instance:com.atmecs.script.ServicePartnerMediaScript@167fdd33]" name="ValidateInsight" duration-ms="33" started-at="2019-09-30T20:13:59 IST" data-provider="testdata1" finished-at="2019-09-30T20:13:59 IST">
          <params>
            <param index="0">
              <value>
                <![CDATA[info@atmecs.com]]>
              </value>
            </param>
          </params>
          <reporter-output>
          </reporter-output>
        </test-method> <!-- ValidateInsight -->
        <test-method status="PASS" signature="ValidateInsight(java.lang.String)[pri:14, instance:com.atmecs.script.ServicePartnerMediaScript@167fdd33]" name="ValidateInsight" duration-ms="33" started-at="2019-09-30T20:13:59 IST" data-provider="testdata1" finished-at="2019-09-30T20:13:59 IST">
          <params>
            <param index="0">
              <value>
                <![CDATA[Europe  Ireland]]>
              </value>
            </param>
          </params>
          <reporter-output>
          </reporter-output>
        </test-method> <!-- ValidateInsight -->
        <test-method status="PASS" signature="clickOnContactUs()[pri:15, instance:com.atmecs.script.ServicePartnerMediaScript@167fdd33]" name="clickOnContactUs" duration-ms="3645" started-at="2019-09-30T20:13:59 IST" finished-at="2019-09-30T20:14:02 IST">
          <reporter-output>
          </reporter-output>
        </test-method> <!-- clickOnContactUs -->
        <test-method status="PASS" signature="validateContactus(java.lang.String)[pri:16, instance:com.atmecs.script.ServicePartnerMediaScript@167fdd33]" name="validateContactus" duration-ms="51" started-at="2019-09-30T20:14:02 IST" data-provider="testdata1" finished-at="2019-09-30T20:14:02 IST">
          <params>
            <param index="0">
              <value>
                <![CDATA[Home]]>
              </value>
            </param>
          </params>
          <reporter-output>
          </reporter-output>
        </test-method> <!-- validateContactus -->
        <test-method status="PASS" signature="validateContactus(java.lang.String)[pri:16, instance:com.atmecs.script.ServicePartnerMediaScript@167fdd33]" name="validateContactus" duration-ms="54" started-at="2019-09-30T20:14:02 IST" data-provider="testdata1" finished-at="2019-09-30T20:14:02 IST">
          <params>
            <param index="0">
              <value>
                <![CDATA[About Us]]>
              </value>
            </param>
          </params>
          <reporter-output>
          </reporter-output>
        </test-method> <!-- validateContactus -->
        <test-method status="PASS" signature="validateContactus(java.lang.String)[pri:16, instance:com.atmecs.script.ServicePartnerMediaScript@167fdd33]" name="validateContactus" duration-ms="54" started-at="2019-09-30T20:14:02 IST" data-provider="testdata1" finished-at="2019-09-30T20:14:03 IST">
          <params>
            <param index="0">
              <value>
                <![CDATA[Services]]>
              </value>
            </param>
          </params>
          <reporter-output>
          </reporter-output>
        </test-method> <!-- validateContactus -->
        <test-method status="PASS" signature="validateContactus(java.lang.String)[pri:16, instance:com.atmecs.script.ServicePartnerMediaScript@167fdd33]" name="validateContactus" duration-ms="53" started-at="2019-09-30T20:14:03 IST" data-provider="testdata1" finished-at="2019-09-30T20:14:03 IST">
          <params>
            <param index="0">
              <value>
                <![CDATA[Partners]]>
              </value>
            </param>
          </params>
          <reporter-output>
          </reporter-output>
        </test-method> <!-- validateContactus -->
        <test-method status="PASS" signature="validateContactus(java.lang.String)[pri:16, instance:com.atmecs.script.ServicePartnerMediaScript@167fdd33]" name="validateContactus" duration-ms="45" started-at="2019-09-30T20:14:03 IST" data-provider="testdata1" finished-at="2019-09-30T20:14:03 IST">
          <params>
            <param index="0">
              <value>
                <![CDATA[Case Studies old]]>
              </value>
            </param>
          </params>
          <reporter-output>
          </reporter-output>
        </test-method> <!-- validateContactus -->
        <test-method status="PASS" signature="validateContactus(java.lang.String)[pri:16, instance:com.atmecs.script.ServicePartnerMediaScript@167fdd33]" name="validateContactus" duration-ms="50" started-at="2019-09-30T20:14:03 IST" data-provider="testdata1" finished-at="2019-09-30T20:14:03 IST">
          <params>
            <param index="0">
              <value>
                <![CDATA[Careers]]>
              </value>
            </param>
          </params>
          <reporter-output>
          </reporter-output>
        </test-method> <!-- validateContactus -->
        <test-method status="PASS" signature="validateContactus(java.lang.String)[pri:16, instance:com.atmecs.script.ServicePartnerMediaScript@167fdd33]" name="validateContactus" duration-ms="50" started-at="2019-09-30T20:14:03 IST" data-provider="testdata1" finished-at="2019-09-30T20:14:03 IST">
          <params>
            <param index="0">
              <value>
                <![CDATA[Contact Us]]>
              </value>
            </param>
          </params>
          <reporter-output>
          </reporter-output>
        </test-method> <!-- validateContactus -->
        <test-method status="PASS" signature="validateContactus(java.lang.String)[pri:16, instance:com.atmecs.script.ServicePartnerMediaScript@167fdd33]" name="validateContactus" duration-ms="41" started-at="2019-09-30T20:14:03 IST" data-provider="testdata1" finished-at="2019-09-30T20:14:03 IST">
          <params>
            <param index="0">
              <value>
                <![CDATA[Services]]>
              </value>
            </param>
          </params>
          <reporter-output>
          </reporter-output>
        </test-method> <!-- validateContactus -->
        <test-method status="PASS" signature="validateContactus(java.lang.String)[pri:16, instance:com.atmecs.script.ServicePartnerMediaScript@167fdd33]" name="validateContactus" duration-ms="44" started-at="2019-09-30T20:14:03 IST" data-provider="testdata1" finished-at="2019-09-30T20:14:03 IST">
          <params>
            <param index="0">
              <value>
                <![CDATA[Careers]]>
              </value>
            </param>
          </params>
          <reporter-output>
          </reporter-output>
        </test-method> <!-- validateContactus -->
        <test-method status="PASS" signature="validateContactus(java.lang.String)[pri:16, instance:com.atmecs.script.ServicePartnerMediaScript@167fdd33]" name="validateContactus" duration-ms="50" started-at="2019-09-30T20:14:03 IST" data-provider="testdata1" finished-at="2019-09-30T20:14:03 IST">
          <params>
            <param index="0">
              <value>
                <![CDATA[Automation Engineer]]>
              </value>
            </param>
          </params>
          <reporter-output>
          </reporter-output>
        </test-method> <!-- validateContactus -->
        <test-method status="PASS" signature="validateContactus(java.lang.String)[pri:16, instance:com.atmecs.script.ServicePartnerMediaScript@167fdd33]" name="validateContactus" duration-ms="52" started-at="2019-09-30T20:14:03 IST" data-provider="testdata1" finished-at="2019-09-30T20:14:03 IST">
          <params>
            <param index="0">
              <value>
                <![CDATA[DevOps Engineer]]>
              </value>
            </param>
          </params>
          <reporter-output>
          </reporter-output>
        </test-method> <!-- validateContactus -->
        <test-method status="PASS" signature="validateContactus(java.lang.String)[pri:16, instance:com.atmecs.script.ServicePartnerMediaScript@167fdd33]" name="validateContactus" duration-ms="52" started-at="2019-09-30T20:14:03 IST" data-provider="testdata1" finished-at="2019-09-30T20:14:03 IST">
          <params>
            <param index="0">
              <value>
                <![CDATA[Senior .NET Engineer]]>
              </value>
            </param>
          </params>
          <reporter-output>
          </reporter-output>
        </test-method> <!-- validateContactus -->
        <test-method status="PASS" signature="validateContactus(java.lang.String)[pri:16, instance:com.atmecs.script.ServicePartnerMediaScript@167fdd33]" name="validateContactus" duration-ms="50" started-at="2019-09-30T20:14:03 IST" data-provider="testdata1" finished-at="2019-09-30T20:14:03 IST">
          <params>
            <param index="0">
              <value>
                <![CDATA[Senior Java/J2EE Engineer]]>
              </value>
            </param>
          </params>
          <reporter-output>
          </reporter-output>
        </test-method> <!-- validateContactus -->
        <test-method status="PASS" signature="validateContactus(java.lang.String)[pri:16, instance:com.atmecs.script.ServicePartnerMediaScript@167fdd33]" name="validateContactus" duration-ms="40" started-at="2019-09-30T20:14:03 IST" data-provider="testdata1" finished-at="2019-09-30T20:14:03 IST">
          <params>
            <param index="0">
              <value>
                <![CDATA[Contact Us]]>
              </value>
            </param>
          </params>
          <reporter-output>
          </reporter-output>
        </test-method> <!-- validateContactus -->
        <test-method status="PASS" signature="validateContactus(java.lang.String)[pri:16, instance:com.atmecs.script.ServicePartnerMediaScript@167fdd33]" name="validateContactus" duration-ms="46" started-at="2019-09-30T20:14:03 IST" data-provider="testdata1" finished-at="2019-09-30T20:14:03 IST">
          <params>
            <param index="0">
              <value>
                <![CDATA[US Headquarters]]>
              </value>
            </param>
          </params>
          <reporter-output>
          </reporter-output>
        </test-method> <!-- validateContactus -->
        <test-method status="PASS" signature="validateContactus(java.lang.String)[pri:16, instance:com.atmecs.script.ServicePartnerMediaScript@167fdd33]" name="validateContactus" duration-ms="48" started-at="2019-09-30T20:14:03 IST" data-provider="testdata1" finished-at="2019-09-30T20:14:03 IST">
          <params>
            <param index="0">
              <value>
                <![CDATA[US R&D Center]]>
              </value>
            </param>
          </params>
          <reporter-output>
          </reporter-output>
        </test-method> <!-- validateContactus -->
        <test-method status="PASS" signature="validateContactus(java.lang.String)[pri:16, instance:com.atmecs.script.ServicePartnerMediaScript@167fdd33]" name="validateContactus" duration-ms="51" started-at="2019-09-30T20:14:03 IST" data-provider="testdata1" finished-at="2019-09-30T20:14:03 IST">
          <params>
            <param index="0">
              <value>
                <![CDATA[India  Hyderabad]]>
              </value>
            </param>
          </params>
          <reporter-output>
          </reporter-output>
        </test-method> <!-- validateContactus -->
        <test-method status="PASS" signature="validateContactus(java.lang.String)[pri:16, instance:com.atmecs.script.ServicePartnerMediaScript@167fdd33]" name="validateContactus" duration-ms="53" started-at="2019-09-30T20:14:03 IST" data-provider="testdata1" finished-at="2019-09-30T20:14:03 IST">
          <params>
            <param index="0">
              <value>
                <![CDATA[India  Bangalore]]>
              </value>
            </param>
          </params>
          <reporter-output>
          </reporter-output>
        </test-method> <!-- validateContactus -->
        <test-method status="PASS" signature="validateContactus(java.lang.String)[pri:16, instance:com.atmecs.script.ServicePartnerMediaScript@167fdd33]" name="validateContactus" duration-ms="51" started-at="2019-09-30T20:14:03 IST" data-provider="testdata1" finished-at="2019-09-30T20:14:03 IST">
          <params>
            <param index="0">
              <value>
                <![CDATA[India  Chennai]]>
              </value>
            </param>
          </params>
          <reporter-output>
          </reporter-output>
        </test-method> <!-- validateContactus -->
        <test-method status="PASS" signature="validateContactus(java.lang.String)[pri:16, instance:com.atmecs.script.ServicePartnerMediaScript@167fdd33]" name="validateContactus" duration-ms="48" started-at="2019-09-30T20:14:03 IST" data-provider="testdata1" finished-at="2019-09-30T20:14:03 IST">
          <params>
            <param index="0">
              <value>
                <![CDATA[info@atmecs.com]]>
              </value>
            </param>
          </params>
          <reporter-output>
          </reporter-output>
        </test-method> <!-- validateContactus -->
        <test-method status="PASS" signature="validateContactus(java.lang.String)[pri:16, instance:com.atmecs.script.ServicePartnerMediaScript@167fdd33]" name="validateContactus" duration-ms="47" started-at="2019-09-30T20:14:03 IST" data-provider="testdata1" finished-at="2019-09-30T20:14:03 IST">
          <params>
            <param index="0">
              <value>
                <![CDATA[Europe  Ireland]]>
              </value>
            </param>
          </params>
          <reporter-output>
          </reporter-output>
        </test-method> <!-- validateContactus -->
      </class> <!-- com.atmecs.script.ServicePartnerMediaScript -->
    </test> <!-- Test -->
  </suite> <!-- Suite -->
</testng-results>
